#
# There is insufficient memory for the Java Runtime Environment to continue.
# Native memory allocation (malloc) failed to allocate 536976 bytes for Chunk::new
# Possible reasons:
#   The system is out of physical RAM or swap space
#   The process is running with CompressedOops enabled, and the Java Heap may be blocking the growth of the native heap
# Possible solutions:
#   Reduce memory load on the system
#   Increase physical memory or swap space
#   Check if swap backing store is full
#   Decrease Java heap size (-Xmx/-Xms)
#   Decrease number of Java threads
#   Decrease Java thread stack sizes (-Xss)
#   Set larger code cache with -XX:ReservedCodeCacheSize=
#   JVM is running with Unscaled Compressed Oops mode in which the Java heap is
#     placed in the first 4GB address space. The Java Heap base address is the
#     maximum limit for the native heap growth. Please use -XX:HeapBaseMinAddress
#     to set the Java Heap base and to place the Java Heap above 4GB virtual address.
# This output file may be truncated or incomplete.
#
#  Out of Memory Error (allocation.cpp:389), pid=17088, tid=0x000000000000669c
#
# JRE version: OpenJDK Runtime Environment (8.0_242-b01) (build 1.8.0_242-release-1644-b01)
# Java VM: OpenJDK 64-Bit Server VM (25.242-b01 mixed mode windows-amd64 compressed oops)
# Failed to write core dump. Minidumps are not enabled by default on client versions of Windows
#

---------------  T H R E A D  ---------------

Current thread (0x0000000017aec000):  JavaThread "C2 CompilerThread1" daemon [_thread_in_native, id=26268, stack(0x0000000019250000,0x0000000019350000)]

Stack: [0x0000000019250000,0x0000000019350000]
[error occurred during error reporting (printing stack bounds), id 0xc0000005]

Native frames: (J=compiled Java code, j=interpreted, Vv=VM code, C=native code)


Current CompileTask:
C2:  13634 3824       4       java.net.URLClassLoader$1::run (5 bytes)


---------------  P R O C E S S  ---------------

Java Threads: ( => current thread )
  0x000000001df0b800 JavaThread "jar transforms Thread 94" [_thread_blocked, id=6644, stack(0x0000000028580000,0x0000000028680000)]
  0x000000001df0b000 JavaThread "jar transforms Thread 93" [_thread_blocked, id=21412, stack(0x0000000028480000,0x0000000028580000)]
  0x000000001df09800 JavaThread "jar transforms Thread 92" [_thread_blocked, id=24748, stack(0x0000000028380000,0x0000000028480000)]
  0x000000001df0e000 JavaThread "jar transforms Thread 91" [_thread_blocked, id=7740, stack(0x0000000028280000,0x0000000028380000)]
  0x000000001df0e800 JavaThread "jar transforms Thread 90" [_thread_blocked, id=3548, stack(0x0000000028180000,0x0000000028280000)]
  0x000000001df0d000 JavaThread "jar transforms Thread 89" [_thread_blocked, id=3536, stack(0x0000000028080000,0x0000000028180000)]
  0x000000001df08800 JavaThread "jar transforms Thread 88" [_thread_blocked, id=12012, stack(0x0000000027f80000,0x0000000028080000)]
  0x000000001df00800 JavaThread "jar transforms Thread 87" [_thread_blocked, id=14876, stack(0x0000000027e80000,0x0000000027f80000)]
  0x000000001df05800 JavaThread "jar transforms Thread 86" [_thread_blocked, id=11352, stack(0x0000000027d80000,0x0000000027e80000)]
  0x000000001df06800 JavaThread "jar transforms Thread 85" [_thread_blocked, id=12548, stack(0x0000000027c80000,0x0000000027d80000)]
  0x000000001df05000 JavaThread "jar transforms Thread 84" [_thread_blocked, id=236, stack(0x0000000027b80000,0x0000000027c80000)]
  0x000000001df07000 JavaThread "jar transforms Thread 83" [_thread_blocked, id=22272, stack(0x0000000027a80000,0x0000000027b80000)]
  0x000000001df03800 JavaThread "jar transforms Thread 82" [_thread_blocked, id=19240, stack(0x0000000027980000,0x0000000027a80000)]
  0x000000001df02800 JavaThread "jar transforms Thread 81" [_thread_blocked, id=20844, stack(0x0000000027880000,0x0000000027980000)]
  0x000000001df02000 JavaThread "jar transforms Thread 80" [_thread_blocked, id=18188, stack(0x0000000027780000,0x0000000027880000)]
  0x000000001df04000 JavaThread "jar transforms Thread 79" [_thread_blocked, id=11636, stack(0x0000000027680000,0x0000000027780000)]
  0x000000001df01000 JavaThread "jar transforms Thread 78" [_thread_blocked, id=10796, stack(0x0000000027580000,0x0000000027680000)]
  0x000000001a670800 JavaThread "jar transforms Thread 77" [_thread_blocked, id=1416, stack(0x0000000027480000,0x0000000027580000)]
  0x000000001a66f800 JavaThread "jar transforms Thread 76" [_thread_blocked, id=13692, stack(0x0000000027380000,0x0000000027480000)]
  0x000000001a66f000 JavaThread "jar transforms Thread 75" [_thread_blocked, id=26036, stack(0x0000000027280000,0x0000000027380000)]
  0x000000001a66b000 JavaThread "jar transforms Thread 74" [_thread_blocked, id=26592, stack(0x0000000027180000,0x0000000027280000)]
  0x000000001a66e000 JavaThread "jar transforms Thread 73" [_thread_blocked, id=17728, stack(0x0000000027080000,0x0000000027180000)]
  0x000000001a666800 JavaThread "jar transforms Thread 72" [_thread_blocked, id=17504, stack(0x0000000026f80000,0x0000000027080000)]
  0x000000001a66d800 JavaThread "jar transforms Thread 71" [_thread_blocked, id=9196, stack(0x0000000026e80000,0x0000000026f80000)]
  0x000000001a66c800 JavaThread "jar transforms Thread 70" [_thread_blocked, id=16168, stack(0x0000000026d80000,0x0000000026e80000)]
  0x000000001a66c000 JavaThread "jar transforms Thread 69" [_thread_blocked, id=6728, stack(0x0000000026c80000,0x0000000026d80000)]
  0x000000001a666000 JavaThread "jar transforms Thread 68" [_thread_blocked, id=20396, stack(0x0000000026b80000,0x0000000026c80000)]
  0x000000001a66a800 JavaThread "jar transforms Thread 67" [_thread_blocked, id=8452, stack(0x0000000026a80000,0x0000000026b80000)]
  0x000000001a663800 JavaThread "jar transforms Thread 66" [_thread_blocked, id=23932, stack(0x0000000026980000,0x0000000026a80000)]
  0x000000001a665000 JavaThread "jar transforms Thread 65" [_thread_blocked, id=19572, stack(0x0000000026880000,0x0000000026980000)]
  0x000000001a669800 JavaThread "jar transforms Thread 64" [_thread_blocked, id=25632, stack(0x0000000026780000,0x0000000026880000)]
  0x000000001a664800 JavaThread "jar transforms Thread 63" [_thread_blocked, id=27972, stack(0x0000000026680000,0x0000000026780000)]
  0x000000001a667800 JavaThread "jar transforms Thread 62" [_thread_blocked, id=4856, stack(0x0000000026580000,0x0000000026680000)]
  0x000000001a662000 JavaThread "jar transforms Thread 61" [_thread_blocked, id=3508, stack(0x0000000026480000,0x0000000026580000)]
  0x000000001a668000 JavaThread "jar transforms Thread 60" [_thread_blocked, id=12064, stack(0x0000000026380000,0x0000000026480000)]
  0x000000001a663000 JavaThread "jar transforms Thread 59" [_thread_blocked, id=6576, stack(0x0000000026280000,0x0000000026380000)]
  0x000000001a669000 JavaThread "jar transforms Thread 58" [_thread_blocked, id=5704, stack(0x0000000026180000,0x0000000026280000)]
  0x000000001a661800 JavaThread "jar transforms Thread 57" [_thread_blocked, id=1676, stack(0x0000000026080000,0x0000000026180000)]
  0x0000000019811000 JavaThread "jar transforms Thread 56" [_thread_blocked, id=9332, stack(0x0000000025f80000,0x0000000026080000)]
  0x0000000019810800 JavaThread "jar transforms Thread 55" [_thread_blocked, id=19888, stack(0x0000000025e80000,0x0000000025f80000)]
  0x000000001980f800 JavaThread "jar transforms Thread 54" [_thread_blocked, id=28092, stack(0x0000000025d80000,0x0000000025e80000)]
  0x000000001980f000 JavaThread "jar transforms Thread 53" [_thread_blocked, id=25112, stack(0x0000000025c80000,0x0000000025d80000)]
  0x000000001980c000 JavaThread "jar transforms Thread 52" [_thread_blocked, id=26972, stack(0x0000000025b80000,0x0000000025c80000)]
  0x0000000019812000 JavaThread "jar transforms Thread 51" [_thread_blocked, id=10820, stack(0x0000000025a80000,0x0000000025b80000)]
  0x000000001980e000 JavaThread "jar transforms Thread 50" [_thread_blocked, id=25836, stack(0x0000000025980000,0x0000000025a80000)]
  0x000000001980d800 JavaThread "jar transforms Thread 49" [_thread_blocked, id=21456, stack(0x0000000025880000,0x0000000025980000)]
  0x000000001980c800 JavaThread "jar transforms Thread 48" [_thread_blocked, id=27440, stack(0x0000000025780000,0x0000000025880000)]
  0x0000000019804800 JavaThread "jar transforms Thread 47" [_thread_blocked, id=3184, stack(0x0000000025680000,0x0000000025780000)]
  0x0000000019805000 JavaThread "jar transforms Thread 46" [_thread_blocked, id=15908, stack(0x0000000025580000,0x0000000025680000)]
  0x000000001980a800 JavaThread "jar transforms Thread 45" [_thread_blocked, id=19012, stack(0x0000000025480000,0x0000000025580000)]
  0x0000000019809800 JavaThread "jar transforms Thread 44" [_thread_blocked, id=17040, stack(0x0000000025380000,0x0000000025480000)]
  0x0000000019809000 JavaThread "jar transforms Thread 43" [_thread_blocked, id=25712, stack(0x0000000025280000,0x0000000025380000)]
  0x000000001980b000 JavaThread "jar transforms Thread 42" [_thread_blocked, id=18556, stack(0x0000000025180000,0x0000000025280000)]
  0x0000000019808000 JavaThread "jar transforms Thread 41" [_thread_blocked, id=28548, stack(0x0000000025080000,0x0000000025180000)]
  0x0000000019806800 JavaThread "jar transforms Thread 40" [_thread_blocked, id=20580, stack(0x0000000024f80000,0x0000000025080000)]
  0x0000000019803800 JavaThread "jar transforms Thread 39" [_thread_blocked, id=14396, stack(0x0000000024e80000,0x0000000024f80000)]
  0x0000000019807800 JavaThread "jar transforms Thread 38" [_thread_blocked, id=3468, stack(0x0000000024d80000,0x0000000024e80000)]
  0x0000000019806000 JavaThread "jar transforms Thread 37" [_thread_blocked, id=8788, stack(0x0000000024c80000,0x0000000024d80000)]
  0x0000000019803000 JavaThread "jar transforms Thread 36" [_thread_blocked, id=17984, stack(0x0000000024b80000,0x0000000024c80000)]
  0x000000001b1d7800 JavaThread "jar transforms Thread 35" [_thread_blocked, id=8552, stack(0x0000000024a80000,0x0000000024b80000)]
  0x000000001b1d6800 JavaThread "jar transforms Thread 34" [_thread_blocked, id=14368, stack(0x0000000024980000,0x0000000024a80000)]
  0x000000001b1d6000 JavaThread "jar transforms Thread 33" [_thread_blocked, id=20720, stack(0x0000000024880000,0x0000000024980000)]
  0x000000001b1d5000 JavaThread "jar transforms Thread 32" [_thread_blocked, id=20740, stack(0x0000000024780000,0x0000000024880000)]
  0x000000001b1cd800 JavaThread "jar transforms Thread 31" [_thread_blocked, id=12452, stack(0x0000000024680000,0x0000000024780000)]
  0x000000001b1d3800 JavaThread "jar transforms Thread 30" [_thread_blocked, id=26952, stack(0x0000000024580000,0x0000000024680000)]
  0x000000001b1d3000 JavaThread "jar transforms Thread 29" [_thread_blocked, id=21744, stack(0x0000000024480000,0x0000000024580000)]
  0x000000001b1d4800 JavaThread "jar transforms Thread 28" [_thread_blocked, id=20680, stack(0x0000000024380000,0x0000000024480000)]
  0x000000001b1cd000 JavaThread "jar transforms Thread 27" [_thread_blocked, id=14356, stack(0x0000000024280000,0x0000000024380000)]
  0x000000001b1d2000 JavaThread "jar transforms Thread 26" [_thread_blocked, id=8608, stack(0x0000000024180000,0x0000000024280000)]
  0x000000001b1ca800 JavaThread "jar transforms Thread 25" [_thread_blocked, id=15280, stack(0x0000000024080000,0x0000000024180000)]
  0x000000001b1d0800 JavaThread "jar transforms Thread 24" [_thread_blocked, id=2128, stack(0x0000000023f80000,0x0000000024080000)]
  0x000000001b1d1800 JavaThread "jar transforms Thread 23" [_thread_blocked, id=4784, stack(0x0000000023e80000,0x0000000023f80000)]
  0x000000001b1ca000 JavaThread "jar transforms Thread 22" [_thread_blocked, id=18124, stack(0x0000000023d80000,0x0000000023e80000)]
  0x000000001b1c9000 JavaThread "jar transforms Thread 21" [_thread_blocked, id=17176, stack(0x0000000023c80000,0x0000000023d80000)]
  0x000000001b1d0000 JavaThread "jar transforms Thread 20" [_thread_blocked, id=7256, stack(0x0000000023b80000,0x0000000023c80000)]
  0x000000001b1c8800 JavaThread "jar transforms Thread 19" [_thread_blocked, id=5824, stack(0x0000000023a80000,0x0000000023b80000)]
  0x000000001b1cb800 JavaThread "jar transforms Thread 18" [_thread_blocked, id=23456, stack(0x0000000023980000,0x0000000023a80000)]
  0x000000001b1cf000 JavaThread "jar transforms Thread 17" [_thread_blocked, id=14524, stack(0x0000000023880000,0x0000000023980000)]
  0x000000001b1cc000 JavaThread "jar transforms Thread 16" [_thread_blocked, id=3764, stack(0x0000000023780000,0x0000000023880000)]
  0x000000001b1ce800 JavaThread "jar transforms Thread 15" [_thread_blocked, id=10436, stack(0x0000000023680000,0x0000000023780000)]
  0x000000001bce8800 JavaThread "jar transforms Thread 14" [_thread_blocked, id=21668, stack(0x0000000023580000,0x0000000023680000)]
  0x000000001bce7800 JavaThread "jar transforms Thread 13" [_thread_blocked, id=18100, stack(0x0000000023480000,0x0000000023580000)]
  0x000000001bce7000 JavaThread "jar transforms Thread 12" [_thread_blocked, id=14592, stack(0x0000000023380000,0x0000000023480000)]
  0x000000001bce6000 JavaThread "jar transforms Thread 11" [_thread_blocked, id=12760, stack(0x0000000023280000,0x0000000023380000)]
  0x000000001bce5800 JavaThread "jar transforms Thread 10" [_thread_blocked, id=16552, stack(0x0000000023180000,0x0000000023280000)]
  0x000000001bcde000 JavaThread "jar transforms Thread 9" [_thread_blocked, id=11112, stack(0x0000000023080000,0x0000000023180000)]
  0x000000001bce4000 JavaThread "jar transforms Thread 8" [_thread_blocked, id=5900, stack(0x0000000022f80000,0x0000000023080000)]
  0x000000001bce3000 JavaThread "jar transforms Thread 7" [_thread_blocked, id=4472, stack(0x0000000022e80000,0x0000000022f80000)]
  0x000000001bce4800 JavaThread "jar transforms Thread 6" [_thread_blocked, id=7668, stack(0x0000000022d80000,0x0000000022e80000)]
  0x000000001bce2800 JavaThread "jar transforms Thread 5" [_thread_blocked, id=18812, stack(0x0000000022c80000,0x0000000022d80000)]
  0x000000001bcdc800 JavaThread "jar transforms Thread 4" [_thread_blocked, id=17596, stack(0x0000000022b80000,0x0000000022c80000)]
  0x000000001bcdb000 JavaThread "jar transforms Thread 3" [_thread_blocked, id=8484, stack(0x0000000022a80000,0x0000000022b80000)]
  0x000000001bce1800 JavaThread "jar transforms Thread 2" [_thread_blocked, id=27036, stack(0x0000000022980000,0x0000000022a80000)]
  0x000000001bcda000 JavaThread "Build operations Thread 4" [_thread_blocked, id=17808, stack(0x0000000022880000,0x0000000022980000)]
  0x000000001bce1000 JavaThread "Build operations Thread 3" [_thread_blocked, id=11336, stack(0x0000000022780000,0x0000000022880000)]
  0x000000001bcd9800 JavaThread "Build operations Thread 2" [_thread_blocked, id=26012, stack(0x0000000022680000,0x0000000022780000)]
  0x000000001bcdf800 JavaThread "Build operations" [_thread_blocked, id=25876, stack(0x0000000022580000,0x0000000022680000)]
  0x000000001b775800 JavaThread "Cache worker for file content cache (C:\Users\bkzar\.gradle\caches\6.5\fileContent)" [_thread_blocked, id=17948, stack(0x0000000021e80000,0x0000000021f80000)]
  0x000000001b774800 JavaThread "jar transforms" [_thread_blocked, id=11764, stack(0x0000000021d80000,0x0000000021e80000)]
  0x000000001b77b800 JavaThread "Cache worker for execution history cache (C:\Users\bkzar\.gradle\caches\6.5\executionHistory)" [_thread_blocked, id=23532, stack(0x0000000021680000,0x0000000021780000)]
  0x000000001b777800 JavaThread "Cache worker for cache directory md-rule (C:\Users\bkzar\.gradle\caches\6.5\md-rule)" [_thread_blocked, id=18992, stack(0x0000000021580000,0x0000000021680000)]
  0x000000001b778800 JavaThread "Cache worker for cache directory md-supplier (C:\Users\bkzar\.gradle\caches\6.5\md-supplier)" [_thread_blocked, id=27100, stack(0x0000000021480000,0x0000000021580000)]
  0x000000001b77a800 JavaThread "Cache worker for checksums cache (C:\Users\bkzar\Downloads\friendlychat-android-master\friendlychat-android-master\Jima\.gradle\checksums)" [_thread_blocked, id=18368, stack(0x0000000020110000,0x0000000020210000)]
  0x000000001b776000 JavaThread "Cache worker for file hash cache (C:\Users\bkzar\Downloads\friendlychat-android-master\friendlychat-android-master\Jima\.gradle\6.5\fileHashes)" [_thread_blocked, id=8920, stack(0x0000000020010000,0x0000000020110000)]
  0x000000001b77a000 JavaThread "Cache worker for file hash cache (C:\Users\bkzar\.gradle\caches\6.5\fileHashes)" [_thread_blocked, id=25572, stack(0x000000001db70000,0x000000001dc70000)]
  0x000000001b779000 JavaThread "File lock request listener" [_thread_in_native, id=12244, stack(0x000000001da70000,0x000000001db70000)]
  0x000000001b973800 JavaThread "Cache worker for journal cache (C:\Users\bkzar\.gradle\caches\journal-1)" [_thread_blocked, id=25912, stack(0x000000001d870000,0x000000001d970000)]
  0x0000000019b5f000 JavaThread "Thread-9" [_thread_blocked, id=3700, stack(0x000000001d570000,0x000000001d670000)]
  0x000000001b6ba000 JavaThread "Stdin handler" [_thread_blocked, id=9552, stack(0x000000001d470000,0x000000001d570000)]
  0x000000001b760000 JavaThread "Asynchronous log dispatcher for DefaultDaemonConnection: socket connection from /127.0.0.1:51925 to /127.0.0.1:51926" [_thread_blocked, id=10276, stack(0x000000001d370000,0x000000001d470000)]
  0x000000001b75f000 JavaThread "Daemon worker" [_thread_in_Java, id=15356, stack(0x000000001d270000,0x000000001d370000)]
  0x000000001b6b9800 JavaThread "Cancel handler" [_thread_blocked, id=28292, stack(0x000000001d170000,0x000000001d270000)]
  0x000000001b6a7000 JavaThread "Handler for socket connection from /127.0.0.1:51925 to /127.0.0.1:51926" [_thread_in_native, id=28624, stack(0x000000001d070000,0x000000001d170000)]
  0x000000001b6a3000 JavaThread "Daemon" [_thread_blocked, id=22476, stack(0x000000001cf70000,0x000000001d070000)]
  0x000000001b66b800 JavaThread "Daemon periodic checks" [_thread_blocked, id=11928, stack(0x000000001cc70000,0x000000001cd70000)]
  0x000000001b66a000 JavaThread "Incoming local TCP Connector on port 51925" [_thread_in_native, id=20788, stack(0x000000001ca30000,0x000000001cb30000)]
  0x0000000019ad5800 JavaThread "Daemon health stats" [_thread_blocked, id=12752, stack(0x000000001c3f0000,0x000000001c4f0000)]
  0x0000000017b3e800 JavaThread "Service Thread" daemon [_thread_blocked, id=472, stack(0x0000000019850000,0x0000000019950000)]
  0x0000000017b26800 JavaThread "C1 CompilerThread2" daemon [_thread_blocked, id=15096, stack(0x0000000019350000,0x0000000019450000)]
=>0x0000000017aec000 JavaThread "C2 CompilerThread1" daemon [_thread_in_native, id=26268, stack(0x0000000019250000,0x0000000019350000)]
  0x0000000017ae9000 JavaThread "C2 CompilerThread0" daemon [_thread_blocked, id=9024, stack(0x0000000019150000,0x0000000019250000)]
  0x0000000017ae8000 JavaThread "Attach Listener" daemon [_thread_blocked, id=8164, stack(0x0000000019050000,0x0000000019150000)]
  0x0000000017ae6800 JavaThread "Signal Dispatcher" daemon [_thread_blocked, id=24084, stack(0x0000000018f50000,0x0000000019050000)]
  0x0000000002ebc800 JavaThread "Finalizer" daemon [_thread_blocked, id=12688, stack(0x0000000018d40000,0x0000000018e40000)]
  0x0000000017ac9800 JavaThread "Reference Handler" daemon [_thread_blocked, id=18884, stack(0x0000000018c40000,0x0000000018d40000)]
  0x0000000002dc2800 JavaThread "main" [_thread_blocked, id=4284, stack(0x0000000002c70000,0x0000000002d70000)]

Other Threads:
  0x0000000017aa6000 VMThread [stack: 0x0000000018b40000,0x0000000018c40000] [id=13612]
  0x000000001946f800 WatcherThread [stack: 0x0000000019950000,0x0000000019a50000] [id=19712]

VM state:not at safepoint (normal execution)

VM Mutex/Monitor currently owned by a thread: None

heap address: 0x0000000080000000, size: 2048 MB, Compressed Oops mode: 32-bit
Narrow klass base: 0x0000000000000000, Narrow klass shift: 3
Compressed class space size: 1073741824 Address: 0x0000000100000000

Heap:
 PSYoungGen      total 140288K, used 108118K [0x00000000d5580000, 0x00000000e2a80000, 0x0000000100000000)
  eden space 129024K, 83% used [0x00000000d5580000,0x00000000dbf15bb8,0x00000000dd380000)
  from space 11264K, 0% used [0x00000000dd380000,0x00000000dd380000,0x00000000dde80000)
  to   space 12800K, 0% used [0x00000000e1e00000,0x00000000e1e00000,0x00000000e2a80000)
 ParOldGen       total 67072K, used 17184K [0x0000000080000000, 0x0000000084180000, 0x00000000d5580000)
  object space 67072K, 25% used [0x0000000080000000,0x00000000810c8138,0x0000000084180000)
 Metaspace       used 37308K, capacity 38886K, committed 39080K, reserved 1083392K
  class space    used 5136K, capacity 5465K, committed 5552K, reserved 1048576K

Card table byte_map: [0x0000000012280000,0x0000000012690000] byte_map_base: 0x0000000011e80000

Marking Bits: (ParMarkBitMap*) 0x00000000706af030
 Begin Bits: [0x0000000012d40000, 0x0000000014d40000)
 End Bits:   [0x0000000014d40000, 0x0000000016d40000)

Polling page: 0x0000000001470000

CodeCache: size=245760Kb used=12447Kb max_used=12847Kb free=233312Kb
 bounds [0x0000000002ec0000, 0x0000000003b60000, 0x0000000011ec0000]
 total_blobs=4342 nmethods=3638 adapters=616
 compilation: enabled

Compilation events (10 events):
Event: 13.371 Thread 0x0000000017b26800 3833       3       sun.net.www.protocol.file.FileURLConnection::<init> (38 bytes)
Event: 13.372 Thread 0x0000000017b26800 nmethod 3833 0x00000000032f9390 code [0x00000000032f9520, 0x00000000032f98d8]
Event: 13.555 Thread 0x0000000017b26800 3834       3       org.gradle.internal.reflect.JavaPropertyReflectionUtil::hasTypeVariable (267 bytes)
Event: 13.557 Thread 0x0000000017b26800 nmethod 3834 0x0000000003169490 code [0x0000000003169840, 0x000000000316bbe8]
Event: 13.583 Thread 0x0000000017b26800 3835       1       com.google.common.collect.MapMakerInternalMap$StrongKeyWeakValueSegment::access$100 (5 bytes)
Event: 13.583 Thread 0x0000000017b26800 nmethod 3835 0x00000000030c49d0 code [0x00000000030c4b20, 0x00000000030c4c10]
Event: 13.593 Thread 0x0000000017b26800 3836       3       com.google.common.collect.MapMakerInternalMap$StrongKeyWeakValueSegment::self (5 bytes)
Event: 13.593 Thread 0x0000000017b26800 nmethod 3836 0x00000000030b67d0 code [0x00000000030b6920, 0x00000000030b6b50]
Event: 13.593 Thread 0x0000000017b26800 3837       3       com.google.common.collect.MapMakerInternalMap$StrongKeyWeakValueSegment::self (2 bytes)
Event: 13.593 Thread 0x0000000017b26800 nmethod 3837 0x0000000003051b10 code [0x0000000003051c60, 0x0000000003051db0]

GC Heap History (10 events):
Event: 6.382 GC heap before
{Heap before GC invocations=7 (full 0):
 PSYoungGen      total 76288K, used 9662K [0x00000000d5580000, 0x00000000dab80000, 0x0000000100000000)
  eden space 66048K, 1% used [0x00000000d5580000,0x00000000d56a4db0,0x00000000d9600000)
  from space 10240K, 82% used [0x00000000da080000,0x00000000da8cad20,0x00000000daa80000)
  to   space 10752K, 0% used [0x00000000d9600000,0x00000000d9600000,0x00000000da080000)
 ParOldGen       total 87552K, used 6498K [0x0000000080000000, 0x0000000085580000, 0x00000000d5580000)
  object space 87552K, 7% used [0x0000000080000000,0x00000000806588a0,0x0000000085580000)
 Metaspace       used 20595K, capacity 21216K, committed 21296K, reserved 1067008K
  class space    used 2873K, capacity 3076K, committed 3120K, reserved 1048576K
Event: 6.391 GC heap after
Heap after GC invocations=7 (full 0):
 PSYoungGen      total 76800K, used 3760K [0x00000000d5580000, 0x00000000deb80000, 0x0000000100000000)
  eden space 66048K, 0% used [0x00000000d5580000,0x00000000d5580000,0x00000000d9600000)
  from space 10752K, 34% used [0x00000000d9600000,0x00000000d99ac040,0x00000000da080000)
  to   space 10752K, 0% used [0x00000000de100000,0x00000000de100000,0x00000000deb80000)
 ParOldGen       total 87552K, used 8766K [0x0000000080000000, 0x0000000085580000, 0x00000000d5580000)
  object space 87552K, 10% used [0x0000000080000000,0x000000008088f900,0x0000000085580000)
 Metaspace       used 20595K, capacity 21216K, committed 21296K, reserved 1067008K
  class space    used 2873K, capacity 3076K, committed 3120K, reserved 1048576K
}
Event: 6.391 GC heap before
{Heap before GC invocations=8 (full 1):
 PSYoungGen      total 76800K, used 3760K [0x00000000d5580000, 0x00000000deb80000, 0x0000000100000000)
  eden space 66048K, 0% used [0x00000000d5580000,0x00000000d5580000,0x00000000d9600000)
  from space 10752K, 34% used [0x00000000d9600000,0x00000000d99ac040,0x00000000da080000)
  to   space 10752K, 0% used [0x00000000de100000,0x00000000de100000,0x00000000deb80000)
 ParOldGen       total 87552K, used 8766K [0x0000000080000000, 0x0000000085580000, 0x00000000d5580000)
  object space 87552K, 10% used [0x0000000080000000,0x000000008088f900,0x0000000085580000)
 Metaspace       used 20595K, capacity 21216K, committed 21296K, reserved 1067008K
  class space    used 2873K, capacity 3076K, committed 3120K, reserved 1048576K
Event: 6.451 GC heap after
Heap after GC invocations=8 (full 1):
 PSYoungGen      total 76800K, used 0K [0x00000000d5580000, 0x00000000deb80000, 0x0000000100000000)
  eden space 66048K, 0% used [0x00000000d5580000,0x00000000d5580000,0x00000000d9600000)
  from space 10752K, 0% used [0x00000000d9600000,0x00000000d9600000,0x00000000da080000)
  to   space 10752K, 0% used [0x00000000de100000,0x00000000de100000,0x00000000deb80000)
 ParOldGen       total 47104K, used 6630K [0x0000000080000000, 0x0000000082e00000, 0x00000000d5580000)
  object space 47104K, 14% used [0x0000000080000000,0x00000000806798e8,0x0000000082e00000)
 Metaspace       used 20595K, capacity 21216K, committed 21296K, reserved 1067008K
  class space    used 2873K, capacity 3076K, committed 3120K, reserved 1048576K
}
Event: 8.017 GC heap before
{Heap before GC invocations=9 (full 1):
 PSYoungGen      total 76800K, used 66048K [0x00000000d5580000, 0x00000000deb80000, 0x0000000100000000)
  eden space 66048K, 100% used [0x00000000d5580000,0x00000000d9600000,0x00000000d9600000)
  from space 10752K, 0% used [0x00000000d9600000,0x00000000d9600000,0x00000000da080000)
  to   space 10752K, 0% used [0x00000000de100000,0x00000000de100000,0x00000000deb80000)
 ParOldGen       total 47104K, used 6630K [0x0000000080000000, 0x0000000082e00000, 0x00000000d5580000)
  object space 47104K, 14% used [0x0000000080000000,0x00000000806798e8,0x0000000082e00000)
 Metaspace       used 28840K, capacity 29752K, committed 29872K, reserved 1075200K
  class space    used 3992K, capacity 4227K, committed 4272K, reserved 1048576K
Event: 8.031 GC heap after
Heap after GC invocations=9 (full 1):
 PSYoungGen      total 134656K, used 8628K [0x00000000d5580000, 0x00000000de980000, 0x0000000100000000)
  eden space 125952K, 0% used [0x00000000d5580000,0x00000000d5580000,0x00000000dd080000)
  from space 8704K, 99% used [0x00000000de100000,0x00000000de96d360,0x00000000de980000)
  to   space 11264K, 0% used [0x00000000dd380000,0x00000000dd380000,0x00000000dde80000)
 ParOldGen       total 47104K, used 6638K [0x0000000080000000, 0x0000000082e00000, 0x00000000d5580000)
  object space 47104K, 14% used [0x0000000080000000,0x000000008067b8e8,0x0000000082e00000)
 Metaspace       used 28840K, capacity 29752K, committed 29872K, reserved 1075200K
  class space    used 3992K, capacity 4227K, committed 4272K, reserved 1048576K
}
Event: 10.144 GC heap before
{Heap before GC invocations=10 (full 1):
 PSYoungGen      total 134656K, used 102504K [0x00000000d5580000, 0x00000000de980000, 0x0000000100000000)
  eden space 125952K, 74% used [0x00000000d5580000,0x00000000db12ce08,0x00000000dd080000)
  from space 8704K, 99% used [0x00000000de100000,0x00000000de96d360,0x00000000de980000)
  to   space 11264K, 0% used [0x00000000dd380000,0x00000000dd380000,0x00000000dde80000)
 ParOldGen       total 47104K, used 6638K [0x0000000080000000, 0x0000000082e00000, 0x00000000d5580000)
  object space 47104K, 14% used [0x0000000080000000,0x000000008067b8e8,0x0000000082e00000)
 Metaspace       used 34307K, capacity 35406K, committed 35496K, reserved 1079296K
  class space    used 4719K, capacity 5002K, committed 5040K, reserved 1048576K
Event: 10.171 GC heap after
Heap after GC invocations=10 (full 1):
 PSYoungGen      total 140288K, used 10994K [0x00000000d5580000, 0x00000000e2a80000, 0x0000000100000000)
  eden space 129024K, 0% used [0x00000000d5580000,0x00000000d5580000,0x00000000dd380000)
  from space 11264K, 97% used [0x00000000dd380000,0x00000000dde3ca08,0x00000000dde80000)
  to   space 12800K, 0% used [0x00000000e1e00000,0x00000000e1e00000,0x00000000e2a80000)
 ParOldGen       total 47104K, used 6646K [0x0000000080000000, 0x0000000082e00000, 0x00000000d5580000)
  object space 47104K, 14% used [0x0000000080000000,0x000000008067d8e8,0x0000000082e00000)
 Metaspace       used 34307K, capacity 35406K, committed 35496K, reserved 1079296K
  class space    used 4719K, capacity 5002K, committed 5040K, reserved 1048576K
}
Event: 10.171 GC heap before
{Heap before GC invocations=11 (full 2):
 PSYoungGen      total 140288K, used 10994K [0x00000000d5580000, 0x00000000e2a80000, 0x0000000100000000)
  eden space 129024K, 0% used [0x00000000d5580000,0x00000000d5580000,0x00000000dd380000)
  from space 11264K, 97% used [0x00000000dd380000,0x00000000dde3ca08,0x00000000dde80000)
  to   space 12800K, 0% used [0x00000000e1e00000,0x00000000e1e00000,0x00000000e2a80000)
 ParOldGen       total 47104K, used 6646K [0x0000000080000000, 0x0000000082e00000, 0x00000000d5580000)
  object space 47104K, 14% used [0x0000000080000000,0x000000008067d8e8,0x0000000082e00000)
 Metaspace       used 34307K, capacity 35406K, committed 35496K, reserved 1079296K
  class space    used 4719K, capacity 5002K, committed 5040K, reserved 1048576K
Event: 10.317 GC heap after
Heap after GC invocations=11 (full 2):
 PSYoungGen      total 140288K, used 0K [0x00000000d5580000, 0x00000000e2a80000, 0x0000000100000000)
  eden space 129024K, 0% used [0x00000000d5580000,0x00000000d5580000,0x00000000dd380000)
  from space 11264K, 0% used [0x00000000dd380000,0x00000000dd380000,0x00000000dde80000)
  to   space 12800K, 0% used [0x00000000e1e00000,0x00000000e1e00000,0x00000000e2a80000)
 ParOldGen       total 67072K, used 17184K [0x0000000080000000, 0x0000000084180000, 0x00000000d5580000)
  object space 67072K, 25% used [0x0000000080000000,0x00000000810c8138,0x0000000084180000)
 Metaspace       used 34307K, capacity 35406K, committed 35496K, reserved 1079296K
  class space    used 4719K, capacity 5002K, committed 5040K, reserved 1048576K
}

Deoptimization events (10 events):
Event: 12.082 Thread 0x000000001bce1800 Uncommon trap: reason=unstable_if action=reinterpret pc=0x0000000003a53f1c method=java.util.concurrent.SynchronousQueue$TransferStack.shouldSpin(Ljava/util/concurrent/SynchronousQueue$TransferStack$SNode;)Z @ 7
Event: 12.232 Thread 0x000000001b75f000 Uncommon trap: reason=unstable_if action=reinterpret pc=0x000000000325af84 method=java.util.jar.JarFile.match([C[B[I[I)Z @ 29
Event: 12.462 Thread 0x000000001b75f000 Uncommon trap: reason=bimorphic action=maybe_recompile pc=0x00000000037e10f0 method=java.util.AbstractCollection.addAll(Ljava/util/Collection;)Z @ 29
Event: 12.706 Thread 0x000000001b75f000 Uncommon trap: reason=unstable_if action=reinterpret pc=0x0000000003238610 method=java.util.regex.Pattern.has(I)Z @ 6
Event: 12.708 Thread 0x000000001b75f000 Uncommon trap: reason=bimorphic action=maybe_recompile pc=0x00000000037e10f0 method=java.util.AbstractCollection.addAll(Ljava/util/Collection;)Z @ 29
Event: 13.015 Thread 0x000000001b75f000 Uncommon trap: reason=predicate action=maybe_recompile pc=0x0000000003464fc8 method=com.google.common.base.CharMatcher.indexIn(Ljava/lang/CharSequence;I)I @ 22
Event: 13.155 Thread 0x000000001b75f000 Uncommon trap: reason=bimorphic action=maybe_recompile pc=0x00000000035cff54 method=java.lang.ClassLoader.getPackage(Ljava/lang/String;)Ljava/lang/Package; @ 47
Event: 13.155 Thread 0x000000001b75f000 Uncommon trap: reason=bimorphic action=maybe_recompile pc=0x00000000035cff54 method=java.lang.ClassLoader.getPackage(Ljava/lang/String;)Ljava/lang/Package; @ 47
Event: 13.155 Thread 0x000000001b75f000 Uncommon trap: reason=bimorphic action=maybe_recompile pc=0x00000000035cff54 method=java.lang.ClassLoader.getPackage(Ljava/lang/String;)Ljava/lang/Package; @ 47
Event: 13.155 Thread 0x000000001b75f000 Uncommon trap: reason=bimorphic action=maybe_recompile pc=0x00000000035cff54 method=java.lang.ClassLoader.getPackage(Ljava/lang/String;)Ljava/lang/Package; @ 47

Classes redefined (0 events):
No events

Internal exceptions (10 events):
Event: 12.755 Thread 0x0000000019b5f000 Exception <a 'java/lang/NoSuchMethodError': <clinit>> (0x00000000d7cde1d0) thrown at [C:\src\AOSP-openjdk-git\hotspot\src\share\vm\prims\jni.cpp, line 1615]
Event: 12.770 Thread 0x0000000019b5f000 Exception <a 'java/lang/NoSuchMethodError': <clinit>> (0x00000000d7ce8440) thrown at [C:\src\AOSP-openjdk-git\hotspot\src\share\vm\prims\jni.cpp, line 1615]
Event: 12.783 Thread 0x0000000019b5f000 Exception <a 'java/lang/NoSuchMethodError': <clinit>> (0x00000000d7cf34b0) thrown at [C:\src\AOSP-openjdk-git\hotspot\src\share\vm\prims\jni.cpp, line 1615]
Event: 12.796 Thread 0x0000000019b5f000 Exception <a 'java/lang/NoSuchMethodError': <clinit>> (0x00000000dba20800) thrown at [C:\src\AOSP-openjdk-git\hotspot\src\share\vm\prims\jni.cpp, line 1615]
Event: 12.936 Thread 0x000000001b75f000 Exception <a 'java/lang/ClassNotFoundException': build_aoqlum8w0pu8734qtifmjc7gzBeanInfo> (0x00000000db84b290) thrown at [C:\src\AOSP-openjdk-git\hotspot\src\share\vm\classfile\systemDictionary.cpp, line 210]
Event: 12.937 Thread 0x000000001b75f000 Exception <a 'java/lang/ClassNotFoundException': build_aoqlum8w0pu8734qtifmjc7gzCustomizer> (0x00000000db856ed0) thrown at [C:\src\AOSP-openjdk-git\hotspot\src\share\vm\classfile\systemDictionary.cpp, line 210]
Event: 13.011 Thread 0x000000001b75f000 Exception <a 'java/lang/ClassNotFoundException': org/gradle/plugin/use/internal/PluginRequestCollector$PluginDependenciesSpecImplBeanInfo> (0x00000000db8f6bd0) thrown at [C:\src\AOSP-openjdk-git\hotspot\src\share\vm\classfile\systemDictionary.cpp, line 21
Event: 13.013 Thread 0x000000001b75f000 Exception <a 'java/lang/ClassNotFoundException': org/gradle/plugin/use/internal/PluginRequestCollector$PluginDependenciesSpecImplCustomizer> (0x00000000db936b10) thrown at [C:\src\AOSP-openjdk-git\hotspot\src\share\vm\classfile\systemDictionary.cpp, line 
Event: 13.299 Thread 0x000000001b75f000 Exception <a 'java/lang/ClassNotFoundException': org/gradle/api/internal/plugins/DefaultObjectConfigurationActionBeanInfo> (0x00000000dbc77898) thrown at [C:\src\AOSP-openjdk-git\hotspot\src\share\vm\classfile\systemDictionary.cpp, line 210]
Event: 13.302 Thread 0x000000001b75f000 Exception <a 'java/lang/ClassNotFoundException': org/gradle/api/internal/plugins/DefaultObjectConfigurationActionCustomizer> (0x00000000dbcbc018) thrown at [C:\src\AOSP-openjdk-git\hotspot\src\share\vm\classfile\systemDictionary.cpp, line 210]

Events (10 events):
Event: 13.617 loading class com/google/common/base/CharMatcher$Whitespace
Event: 13.617 loading class com/google/common/base/CharMatcher$Whitespace done
Event: 13.617 loading class com/google/common/base/CharMatcher$IsNot
Event: 13.617 loading class com/google/common/base/CharMatcher$IsNot done
Event: 13.621 loading class com/google/common/base/CharMatcher$JavaIsoControl
Event: 13.621 loading class com/google/common/base/CharMatcher$JavaIsoControl done
Event: 13.622 loading class com/google/common/base/CharMatcher$None
Event: 13.622 loading class com/google/common/base/CharMatcher$None done
Event: 13.624 loading class com/google/common/base/CharMatcher$IsEither
Event: 13.624 loading class com/google/common/base/CharMatcher$IsEither done


Dynamic libraries:
0x00007ff6a38d0000 - 0x00007ff6a3901000 	C:\Program Files\Android\Android Studio\jre\bin\java.exe
0x00007ffa2ba50000 - 0x00007ffa2bc46000 	C:\WINDOWS\SYSTEM32\ntdll.dll
0x00007ffa2a980000 - 0x00007ffa2aa3d000 	C:\WINDOWS\System32\KERNEL32.DLL
0x00007ffa29560000 - 0x00007ffa29829000 	C:\WINDOWS\System32\KERNELBASE.dll
0x00007ffa2b360000 - 0x00007ffa2b40c000 	C:\WINDOWS\System32\ADVAPI32.dll
0x00007ffa29d90000 - 0x00007ffa29e2e000 	C:\WINDOWS\System32\msvcrt.dll
0x00007ffa2aeb0000 - 0x00007ffa2af4c000 	C:\WINDOWS\System32\sechost.dll
0x00007ffa2b8e0000 - 0x00007ffa2ba0b000 	C:\WINDOWS\System32\RPCRT4.dll
0x00007ffa29be0000 - 0x00007ffa29d80000 	C:\WINDOWS\System32\USER32.dll
0x00007ffa29530000 - 0x00007ffa29552000 	C:\WINDOWS\System32\win32u.dll
0x00007ffa29b30000 - 0x00007ffa29b5a000 	C:\WINDOWS\System32\GDI32.dll
0x00007ffa29950000 - 0x00007ffa29a5b000 	C:\WINDOWS\System32\gdi32full.dll
0x00007ffa29830000 - 0x00007ffa298cd000 	C:\WINDOWS\System32\msvcp_win.dll
0x00007ffa29190000 - 0x00007ffa29290000 	C:\WINDOWS\System32\ucrtbase.dll
0x00007ffa18b60000 - 0x00007ffa18dfb000 	C:\WINDOWS\WinSxS\amd64_microsoft.windows.common-controls_6595b64144ccf1df_6.0.19041.746_none_ca02b4b61b8320a4\COMCTL32.dll
0x00007ffa2a870000 - 0x00007ffa2a8a0000 	C:\WINDOWS\System32\IMM32.DLL
0x000000006fd20000 - 0x000000006fdf2000 	C:\Program Files\Android\Android Studio\jre\jre\bin\msvcr100.dll
0x000000006fee0000 - 0x000000007072b000 	C:\Program Files\Android\Android Studio\jre\jre\bin\server\jvm.dll
0x00007ffa2a860000 - 0x00007ffa2a868000 	C:\WINDOWS\System32\PSAPI.DLL
0x00007ffa1f0e0000 - 0x00007ffa1f0ea000 	C:\WINDOWS\SYSTEM32\VERSION.dll
0x00007ffa221f0000 - 0x00007ffa22217000 	C:\WINDOWS\SYSTEM32\WINMM.dll
0x00007ff9f9d10000 - 0x00007ff9f9d19000 	C:\WINDOWS\SYSTEM32\WSOCK32.dll
0x00007ffa2a8b0000 - 0x00007ffa2a91b000 	C:\WINDOWS\System32\ws2_32.DLL
0x00007ffa23920000 - 0x00007ffa2392f000 	C:\Program Files\Android\Android Studio\jre\jre\bin\verify.dll
0x00007ffa1f6f0000 - 0x00007ffa1f719000 	C:\Program Files\Android\Android Studio\jre\jre\bin\java.dll
0x00007ffa237e0000 - 0x00007ffa237f6000 	C:\Program Files\Android\Android Studio\jre\jre\bin\zip.dll
0x00007ffa2a110000 - 0x00007ffa2a853000 	C:\WINDOWS\System32\SHELL32.dll
0x00007ffa27000000 - 0x00007ffa2778f000 	C:\WINDOWS\SYSTEM32\windows.storage.dll
0x00007ffa2af50000 - 0x00007ffa2b2a6000 	C:\WINDOWS\System32\combase.dll
0x00007ffa28bf0000 - 0x00007ffa28c1c000 	C:\WINDOWS\SYSTEM32\Wldp.dll
0x00007ffa2b2b0000 - 0x00007ffa2b35e000 	C:\WINDOWS\System32\SHCORE.dll
0x00007ffa2a920000 - 0x00007ffa2a975000 	C:\WINDOWS\System32\shlwapi.dll
0x00007ffa290c0000 - 0x00007ffa290e6000 	C:\WINDOWS\SYSTEM32\profapi.dll
0x00007ffa230b0000 - 0x00007ffa230ca000 	C:\Program Files\Android\Android Studio\jre\jre\bin\net.dll
0x00007ffa28970000 - 0x00007ffa289da000 	C:\WINDOWS\system32\mswsock.dll
0x00007ffa1f950000 - 0x00007ffa1f963000 	C:\Program Files\Android\Android Studio\jre\jre\bin\nio.dll
0x00007ffa16f10000 - 0x00007ffa16f37000 	C:\Users\bkzar\.gradle\native\f6784746aeab05261644944871eae4fe03e0ef1612fff0a4a95f87b438bc6780\windows-amd64\native-platform.dll
0x00007ffa23910000 - 0x00007ffa2391d000 	C:\Program Files\Android\Android Studio\jre\jre\bin\management.dll
0x00007ffa28b40000 - 0x00007ffa28b58000 	C:\WINDOWS\SYSTEM32\CRYPTSP.dll
0x00007ffa282a0000 - 0x00007ffa282d4000 	C:\WINDOWS\system32\rsaenh.dll
0x00007ffa29500000 - 0x00007ffa29527000 	C:\WINDOWS\System32\bcrypt.dll
0x00007ffa29080000 - 0x00007ffa290ae000 	C:\WINDOWS\SYSTEM32\USERENV.dll
0x00007ffa298d0000 - 0x00007ffa29950000 	C:\WINDOWS\System32\bcryptprimitives.dll
0x00007ffa28b60000 - 0x00007ffa28b6c000 	C:\WINDOWS\SYSTEM32\CRYPTBASE.dll
0x00007ffa28610000 - 0x00007ffa2864b000 	C:\WINDOWS\SYSTEM32\IPHLPAPI.DLL
0x00007ffa29d80000 - 0x00007ffa29d88000 	C:\WINDOWS\System32\NSI.dll
0x00007ffa23100000 - 0x00007ffa23117000 	C:\WINDOWS\SYSTEM32\dhcpcsvc6.DLL
0x00007ffa233f0000 - 0x00007ffa2340d000 	C:\WINDOWS\SYSTEM32\dhcpcsvc.DLL
0x00007ffa28650000 - 0x00007ffa2871b000 	C:\WINDOWS\SYSTEM32\DNSAPI.dll
0x00007ffa238b0000 - 0x00007ffa238bb000 	C:\WINDOWS\SYSTEM32\WINNSI.DLL

VM Arguments:
jvm_args: -Xmx2048m -Dfile.encoding=UTF-8 -Duser.country=US -Duser.language=en -Duser.variant 
java_command: org.gradle.launcher.daemon.bootstrap.GradleDaemon 6.5
java_class_path (initial): C:\Users\bkzar\.gradle\wrapper\dists\gradle-6.5-all\2oz4ud9k3tuxjg84bbf55q0tn\gradle-6.5\lib\gradle-launcher-6.5.jar
Launcher Type: SUN_STANDARD

Environment Variables:
PATH=C:\Python38\Scripts\;C:\Python38\;C:\Program Files (x86)\Common Files\Oracle\Java\javapath;C:\ProgramData\Oracle\Java\javapath;C:\Users\bkzar\Downloads\platform-tools_r28.0.1-windows\platform-tools\fastboot;C:\Users\bkzar\Downloads\platform-tools_r28.0.1-windows\platform-tools\adb;C:\Users\bkzar\Downloads\platform-tools_r28.0.1-windows\platform-tools;C:\Program Files\Git\cmd;C:\Program Files\dotnet\;C:\Program Files\Microsoft SQL Server\130\Tools\Binn\;C:\Program Files\Microsoft SQL Server\Client SDK\ODBC\170\Tools\Binn\;C:\WINDOWS\system32;C:\WINDOWS;C:\WINDOWS\System32\Wbem;C:\WINDOWS\System32\WindowsPowerShell\v1.0\;C:\WINDOWS\System32\OpenSSH\;C:\Program Files\PuTTY\;C:\Program Files (x86)\Microsoft SQL Server\150\DTS\Binn\;C:\Program Files\Java\jdk1.8.0_151\bin;C:\Program Files\nodejs\;C:\ProgramData\chocolatey\bin;C:\Users\bkzar\AppData\Local\Programs\Python\Python38-32\Scripts\;C:\Users\bkzar\AppData\Local\Programs\Python\Python38-32\;C:\Users\bkzar\AppData\Local\Microsoft\WindowsApps;C:\Program Files\JetBrains\PyCharm Community Edition 2019.3.2\bin;C:\Program Files\Java\jdk1.8.0_151\bin;C:\Users\bkzar\.dotnet\tools;C:\Users\bkzar\AppData\Local\Programs\Microsoft VS Code\bin;C:\Users\bkzar\AppData\Roaming\npm;C:\Program Files\nodejs;;%USERPROFILE%\AppData\Local\Microsoft\WindowsApps
USERNAME=bkzar
OS=Windows_NT
PROCESSOR_IDENTIFIER=Intel64 Family 6 Model 58 Stepping 9, GenuineIntel



---------------  S Y S T E M  ---------------

OS: Windows 10.0 , 64 bit Build 19041 (10.0.19041.662)

CPU:total 4 (initial active 4) (2 cores per cpu, 2 threads per core) family 6 model 58 stepping 9, cmov, cx8, fxsr, mmx, sse, sse2, sse3, ssse3, sse4.1, sse4.2, popcnt, avx, aes, clmul, erms, ht, tsc, tscinvbit, tscinv

Memory: 4k page, physical 8275224k(897644k free), swap 33441048k(5560k free)

vm_info: OpenJDK 64-Bit Server VM (25.242-b01) for windows-amd64 JRE (1.8.0_242-release-1644-b01), built by "builder" with MS VC++ 10.0 (VS2010)

time: Thu Jan 28 21:14:15 2021
timezone: Eastern Standard Time
elapsed time: 13 seconds (0d 0h 0m 13s)

