#
# There is insufficient memory for the Java Runtime Environment to continue.
# Native memory allocation (malloc) failed to allocate 1191360 bytes for Chunk::new
# Possible reasons:
#   The system is out of physical RAM or swap space
#   The process is running with CompressedOops enabled, and the Java Heap may be blocking the growth of the native heap
# Possible solutions:
#   Reduce memory load on the system
#   Increase physical memory or swap space
#   Check if swap backing store is full
#   Decrease Java heap size (-Xmx/-Xms)
#   Decrease number of Java threads
#   Decrease Java thread stack sizes (-Xss)
#   Set larger code cache with -XX:ReservedCodeCacheSize=
#   JVM is running with Unscaled Compressed Oops mode in which the Java heap is
#     placed in the first 4GB address space. The Java Heap base address is the
#     maximum limit for the native heap growth. Please use -XX:HeapBaseMinAddress
#     to set the Java Heap base and to place the Java Heap above 4GB virtual address.
# This output file may be truncated or incomplete.
#
#  Out of Memory Error (allocation.cpp:389), pid=14304, tid=0x0000000000000ecc
#
# JRE version: OpenJDK Runtime Environment (8.0_242-b01) (build 1.8.0_242-release-1644-b01)
# Java VM: OpenJDK 64-Bit Server VM (25.242-b01 mixed mode windows-amd64 compressed oops)
# Failed to write core dump. Minidumps are not enabled by default on client versions of Windows
#

---------------  T H R E A D  ---------------

Current thread (0x0000000016f6e000):  JavaThread "C2 CompilerThread1" daemon [_thread_in_native, id=3788, stack(0x00000000187d0000,0x00000000188d0000)]

Stack: [0x00000000187d0000,0x00000000188d0000]
[error occurred during error reporting (printing stack bounds), id 0xc0000005]

Native frames: (J=compiled Java code, j=interpreted, Vv=VM code, C=native code)


Current CompileTask:
C2:  10021 2611       4       groovy.lang.MetaClassImpl$1MOPIter::methodNameAction (325 bytes)


---------------  P R O C E S S  ---------------

Java Threads: ( => current thread )
  0x000000001e495800 JavaThread "Cache worker for file content cache (C:\Users\bkzar\.gradle\caches\6.5\fileContent)" [_thread_blocked, id=16124, stack(0x0000000021400000,0x0000000021500000)]
  0x0000000016f92800 JavaThread "jar transforms" [_thread_blocked, id=24388, stack(0x0000000021300000,0x0000000021400000)]
  0x0000000016f8e000 JavaThread "Cache worker for execution history cache (C:\Users\bkzar\.gradle\caches\6.5\executionHistory)" [_thread_blocked, id=22952, stack(0x0000000020c00000,0x0000000020d00000)]
  0x0000000016f8e800 JavaThread "Cache worker for cache directory md-rule (C:\Users\bkzar\.gradle\caches\6.5\md-rule)" [_thread_blocked, id=10648, stack(0x000000001fb00000,0x000000001fc00000)]
  0x0000000016f91000 JavaThread "Cache worker for cache directory md-supplier (C:\Users\bkzar\.gradle\caches\6.5\md-supplier)" [_thread_blocked, id=14476, stack(0x000000001fa00000,0x000000001fb00000)]
  0x0000000016f94800 JavaThread "Cache worker for checksums cache (C:\Users\bkzar\Downloads\friendlychat-android-master\friendlychat-android-master\Jima\.gradle\checksums)" [_thread_blocked, id=8984, stack(0x000000001f900000,0x000000001fa00000)]
  0x0000000016f8f800 JavaThread "Cache worker for file hash cache (C:\Users\bkzar\Downloads\friendlychat-android-master\friendlychat-android-master\Jima\.gradle\6.5\fileHashes)" [_thread_blocked, id=28480, stack(0x000000001f600000,0x000000001f700000)]
  0x0000000016f90000 JavaThread "Cache worker for file hash cache (C:\Users\bkzar\.gradle\caches\6.5\fileHashes)" [_thread_blocked, id=17576, stack(0x000000001e130000,0x000000001e230000)]
  0x0000000016f91800 JavaThread "File lock request listener" [_thread_in_native, id=12528, stack(0x000000001d060000,0x000000001d160000)]
  0x0000000019caf800 JavaThread "Cache worker for journal cache (C:\Users\bkzar\.gradle\caches\journal-1)" [_thread_blocked, id=16988, stack(0x000000001ce60000,0x000000001cf60000)]
  0x0000000019336800 JavaThread "Thread-9" [_thread_blocked, id=15588, stack(0x000000001cb60000,0x000000001cc60000)]
  0x00000000192d8800 JavaThread "Stdin handler" [_thread_blocked, id=23164, stack(0x000000001ca60000,0x000000001cb60000)]
  0x00000000192d7800 JavaThread "Asynchronous log dispatcher for DefaultDaemonConnection: socket connection from /127.0.0.1:51936 to /127.0.0.1:51937" [_thread_blocked, id=21880, stack(0x000000001c960000,0x000000001ca60000)]
  0x000000001ae4d000 JavaThread "Daemon worker" [_thread_in_vm, id=19360, stack(0x000000001c860000,0x000000001c960000)]
  0x000000001ae25000 JavaThread "Cancel handler" [_thread_blocked, id=7544, stack(0x000000001c760000,0x000000001c860000)]
  0x000000001adc2800 JavaThread "Handler for socket connection from /127.0.0.1:51936 to /127.0.0.1:51937" [_thread_in_native, id=21932, stack(0x000000001c660000,0x000000001c760000)]
  0x000000001adad000 JavaThread "Daemon" [_thread_blocked, id=2676, stack(0x000000001c560000,0x000000001c660000)]
  0x000000001ad95800 JavaThread "Daemon periodic checks" [_thread_blocked, id=17544, stack(0x000000001c260000,0x000000001c360000)]
  0x000000001ad2c800 JavaThread "Incoming local TCP Connector on port 51936" [_thread_in_native, id=25084, stack(0x000000001c020000,0x000000001c120000)]
  0x000000001acd0000 JavaThread "Daemon health stats" [_thread_blocked, id=14164, stack(0x000000001b9e0000,0x000000001bae0000)]
  0x0000000018a02800 JavaThread "Service Thread" daemon [_thread_blocked, id=21656, stack(0x0000000018dd0000,0x0000000018ed0000)]
  0x0000000016f94000 JavaThread "C1 CompilerThread2" daemon [_thread_blocked, id=13228, stack(0x00000000188d0000,0x00000000189d0000)]
=>0x0000000016f6e000 JavaThread "C2 CompilerThread1" daemon [_thread_in_native, id=3788, stack(0x00000000187d0000,0x00000000188d0000)]
  0x0000000016f68000 JavaThread "C2 CompilerThread0" daemon [_thread_in_native, id=3316, stack(0x00000000186d0000,0x00000000187d0000)]
  0x0000000016f66800 JavaThread "Attach Listener" daemon [_thread_blocked, id=14292, stack(0x00000000185d0000,0x00000000186d0000)]
  0x0000000016f65800 JavaThread "Signal Dispatcher" daemon [_thread_blocked, id=7444, stack(0x00000000184d0000,0x00000000185d0000)]
  0x000000000233b800 JavaThread "Finalizer" daemon [_thread_blocked, id=20856, stack(0x00000000181d0000,0x00000000182d0000)]
  0x0000000016f49000 JavaThread "Reference Handler" daemon [_thread_blocked, id=5288, stack(0x00000000180d0000,0x00000000181d0000)]
  0x0000000002242800 JavaThread "main" [_thread_blocked, id=2052, stack(0x0000000002140000,0x0000000002240000)]

Other Threads:
  0x0000000016f25800 VMThread [stack: 0x0000000017fd0000,0x00000000180d0000] [id=14192]
  0x0000000018a03800 WatcherThread [stack: 0x0000000018ed0000,0x0000000018fd0000] [id=18664]

VM state:not at safepoint (normal execution)

VM Mutex/Monitor currently owned by a thread: None

heap address: 0x0000000080000000, size: 2048 MB, Compressed Oops mode: 32-bit
Narrow klass base: 0x0000000000000000, Narrow klass shift: 3
Compressed class space size: 1073741824 Address: 0x0000000100000000

Heap:
 PSYoungGen      total 140288K, used 4750K [0x00000000d5580000, 0x00000000e2d80000, 0x0000000100000000)
  eden space 129024K, 3% used [0x00000000d5580000,0x00000000d5a23a30,0x00000000dd380000)
  from space 11264K, 0% used [0x00000000dd380000,0x00000000dd380000,0x00000000dde80000)
  to   space 12800K, 0% used [0x00000000e2100000,0x00000000e2100000,0x00000000e2d80000)
 ParOldGen       total 64512K, used 17205K [0x0000000080000000, 0x0000000083f00000, 0x00000000d5580000)
  object space 64512K, 26% used [0x0000000080000000,0x00000000810cd498,0x0000000083f00000)
 Metaspace       used 34462K, capacity 35548K, committed 35752K, reserved 1079296K
  class space    used 4743K, capacity 5005K, committed 5040K, reserved 1048576K

Card table byte_map: [0x0000000011700000,0x0000000011b10000] byte_map_base: 0x0000000011300000

Marking Bits: (ParMarkBitMap*) 0x00000000706af030
 Begin Bits: [0x00000000121c0000, 0x00000000141c0000)
 End Bits:   [0x00000000141c0000, 0x00000000161c0000)

Polling page: 0x0000000000460000

CodeCache: size=245760Kb used=10660Kb max_used=10677Kb free=235099Kb
 bounds [0x0000000002340000, 0x0000000002dc0000, 0x0000000011340000]
 total_blobs=3440 nmethods=2753 adapters=600
 compilation: enabled

Compilation events (10 events):
Event: 9.983 Thread 0x0000000016f68000 nmethod 2758 0x0000000002443250 code [0x0000000002443380, 0x00000000024433f8]
Event: 9.983 Thread 0x0000000016f68000 2759       4       sun.security.provider.MD5::HH (29 bytes)
Event: 9.983 Thread 0x0000000016f68000 nmethod 2759 0x0000000002443790 code [0x00000000024438c0, 0x0000000002443938]
Event: 9.984 Thread 0x0000000016f68000 2760       4       sun.security.provider.MD5::II (31 bytes)
Event: 9.984 Thread 0x0000000016f68000 nmethod 2760 0x0000000002d93690 code [0x0000000002d937c0, 0x0000000002d93838]
Event: 9.990 Thread 0x0000000016f94000 2762       1       java.util.TreeMap::size (5 bytes)
Event: 9.990 Thread 0x0000000016f94000 nmethod 2762 0x0000000002d933d0 code [0x0000000002d93520, 0x0000000002d93630]
Event: 9.990 Thread 0x0000000016f68000 2763       4       java.lang.String::indexOf (7 bytes)
Event: 10.002 Thread 0x0000000016f68000 nmethod 2763 0x0000000002da6890 code [0x0000000002da69e0, 0x0000000002da6e58]
Event: 10.003 Thread 0x0000000016f68000 2764   !   4       java.security.SecureClassLoader::getProtectionDomain (114 bytes)

GC Heap History (10 events):
Event: 6.284 GC heap before
{Heap before GC invocations=7 (full 0):
 PSYoungGen      total 76288K, used 9704K [0x00000000d5580000, 0x00000000dab80000, 0x0000000100000000)
  eden space 66048K, 1% used [0x00000000d5580000,0x00000000d56a3a18,0x00000000d9600000)
  from space 10240K, 83% used [0x00000000da080000,0x00000000da8d67b0,0x00000000daa80000)
  to   space 10752K, 0% used [0x00000000d9600000,0x00000000d9600000,0x00000000da080000)
 ParOldGen       total 87552K, used 6477K [0x0000000080000000, 0x0000000085580000, 0x00000000d5580000)
  object space 87552K, 7% used [0x0000000080000000,0x00000000806536b8,0x0000000085580000)
 Metaspace       used 20586K, capacity 21220K, committed 21296K, reserved 1067008K
  class space    used 2872K, capacity 3076K, committed 3120K, reserved 1048576K
Event: 6.294 GC heap after
Heap after GC invocations=7 (full 0):
 PSYoungGen      total 76800K, used 3680K [0x00000000d5580000, 0x00000000deb80000, 0x0000000100000000)
  eden space 66048K, 0% used [0x00000000d5580000,0x00000000d5580000,0x00000000d9600000)
  from space 10752K, 34% used [0x00000000d9600000,0x00000000d9998030,0x00000000da080000)
  to   space 10752K, 0% used [0x00000000de100000,0x00000000de100000,0x00000000deb80000)
 ParOldGen       total 87552K, used 8781K [0x0000000080000000, 0x0000000085580000, 0x00000000d5580000)
  object space 87552K, 10% used [0x0000000080000000,0x0000000080893708,0x0000000085580000)
 Metaspace       used 20586K, capacity 21220K, committed 21296K, reserved 1067008K
  class space    used 2872K, capacity 3076K, committed 3120K, reserved 1048576K
}
Event: 6.294 GC heap before
{Heap before GC invocations=8 (full 1):
 PSYoungGen      total 76800K, used 3680K [0x00000000d5580000, 0x00000000deb80000, 0x0000000100000000)
  eden space 66048K, 0% used [0x00000000d5580000,0x00000000d5580000,0x00000000d9600000)
  from space 10752K, 34% used [0x00000000d9600000,0x00000000d9998030,0x00000000da080000)
  to   space 10752K, 0% used [0x00000000de100000,0x00000000de100000,0x00000000deb80000)
 ParOldGen       total 87552K, used 8781K [0x0000000080000000, 0x0000000085580000, 0x00000000d5580000)
  object space 87552K, 10% used [0x0000000080000000,0x0000000080893708,0x0000000085580000)
 Metaspace       used 20586K, capacity 21220K, committed 21296K, reserved 1067008K
  class space    used 2872K, capacity 3076K, committed 3120K, reserved 1048576K
Event: 6.359 GC heap after
Heap after GC invocations=8 (full 1):
 PSYoungGen      total 76800K, used 0K [0x00000000d5580000, 0x00000000deb80000, 0x0000000100000000)
  eden space 66048K, 0% used [0x00000000d5580000,0x00000000d5580000,0x00000000d9600000)
  from space 10752K, 0% used [0x00000000d9600000,0x00000000d9600000,0x00000000da080000)
  to   space 10752K, 0% used [0x00000000de100000,0x00000000de100000,0x00000000deb80000)
 ParOldGen       total 46592K, used 6627K [0x0000000080000000, 0x0000000082d80000, 0x00000000d5580000)
  object space 46592K, 14% used [0x0000000080000000,0x0000000080678dc0,0x0000000082d80000)
 Metaspace       used 20586K, capacity 21220K, committed 21296K, reserved 1067008K
  class space    used 2872K, capacity 3076K, committed 3120K, reserved 1048576K
}
Event: 7.869 GC heap before
{Heap before GC invocations=9 (full 1):
 PSYoungGen      total 76800K, used 66048K [0x00000000d5580000, 0x00000000deb80000, 0x0000000100000000)
  eden space 66048K, 100% used [0x00000000d5580000,0x00000000d9600000,0x00000000d9600000)
  from space 10752K, 0% used [0x00000000d9600000,0x00000000d9600000,0x00000000da080000)
  to   space 10752K, 0% used [0x00000000de100000,0x00000000de100000,0x00000000deb80000)
 ParOldGen       total 46592K, used 6627K [0x0000000080000000, 0x0000000082d80000, 0x00000000d5580000)
  object space 46592K, 14% used [0x0000000080000000,0x0000000080678dc0,0x0000000082d80000)
 Metaspace       used 28822K, capacity 29686K, committed 29872K, reserved 1075200K
  class space    used 3993K, capacity 4225K, committed 4272K, reserved 1048576K
Event: 7.882 GC heap after
Heap after GC invocations=9 (full 1):
 PSYoungGen      total 135680K, used 8529K [0x00000000d5580000, 0x00000000de980000, 0x0000000100000000)
  eden space 126976K, 0% used [0x00000000d5580000,0x00000000d5580000,0x00000000dd180000)
  from space 8704K, 97% used [0x00000000de100000,0x00000000de954628,0x00000000de980000)
  to   space 11264K, 0% used [0x00000000dd380000,0x00000000dd380000,0x00000000dde80000)
 ParOldGen       total 46592K, used 6635K [0x0000000080000000, 0x0000000082d80000, 0x00000000d5580000)
  object space 46592K, 14% used [0x0000000080000000,0x000000008067adc0,0x0000000082d80000)
 Metaspace       used 28822K, capacity 29686K, committed 29872K, reserved 1075200K
  class space    used 3993K, capacity 4225K, committed 4272K, reserved 1048576K
}
Event: 9.803 GC heap before
{Heap before GC invocations=10 (full 1):
 PSYoungGen      total 135680K, used 100788K [0x00000000d5580000, 0x00000000de980000, 0x0000000100000000)
  eden space 126976K, 72% used [0x00000000d5580000,0x00000000daf98d58,0x00000000dd180000)
  from space 8704K, 97% used [0x00000000de100000,0x00000000de954628,0x00000000de980000)
  to   space 11264K, 0% used [0x00000000dd380000,0x00000000dd380000,0x00000000dde80000)
 ParOldGen       total 46592K, used 6635K [0x0000000080000000, 0x0000000082d80000, 0x00000000d5580000)
  object space 46592K, 14% used [0x0000000080000000,0x000000008067adc0,0x0000000082d80000)
 Metaspace       used 34319K, capacity 35410K, committed 35496K, reserved 1079296K
  class space    used 4721K, capacity 5002K, committed 5040K, reserved 1048576K
Event: 9.845 GC heap after
Heap after GC invocations=10 (full 1):
 PSYoungGen      total 140288K, used 11026K [0x00000000d5580000, 0x00000000e2d80000, 0x0000000100000000)
  eden space 129024K, 0% used [0x00000000d5580000,0x00000000d5580000,0x00000000dd380000)
  from space 11264K, 97% used [0x00000000dd380000,0x00000000dde44908,0x00000000dde80000)
  to   space 12800K, 0% used [0x00000000e2100000,0x00000000e2100000,0x00000000e2d80000)
 ParOldGen       total 46592K, used 6643K [0x0000000080000000, 0x0000000082d80000, 0x00000000d5580000)
  object space 46592K, 14% used [0x0000000080000000,0x000000008067cdc0,0x0000000082d80000)
 Metaspace       used 34319K, capacity 35410K, committed 35496K, reserved 1079296K
  class space    used 4721K, capacity 5002K, committed 5040K, reserved 1048576K
}
Event: 9.845 GC heap before
{Heap before GC invocations=11 (full 2):
 PSYoungGen      total 140288K, used 11026K [0x00000000d5580000, 0x00000000e2d80000, 0x0000000100000000)
  eden space 129024K, 0% used [0x00000000d5580000,0x00000000d5580000,0x00000000dd380000)
  from space 11264K, 97% used [0x00000000dd380000,0x00000000dde44908,0x00000000dde80000)
  to   space 12800K, 0% used [0x00000000e2100000,0x00000000e2100000,0x00000000e2d80000)
 ParOldGen       total 46592K, used 6643K [0x0000000080000000, 0x0000000082d80000, 0x00000000d5580000)
  object space 46592K, 14% used [0x0000000080000000,0x000000008067cdc0,0x0000000082d80000)
 Metaspace       used 34319K, capacity 35410K, committed 35496K, reserved 1079296K
  class space    used 4721K, capacity 5002K, committed 5040K, reserved 1048576K
Event: 9.978 GC heap after
Heap after GC invocations=11 (full 2):
 PSYoungGen      total 140288K, used 0K [0x00000000d5580000, 0x00000000e2d80000, 0x0000000100000000)
  eden space 129024K, 0% used [0x00000000d5580000,0x00000000d5580000,0x00000000dd380000)
  from space 11264K, 0% used [0x00000000dd380000,0x00000000dd380000,0x00000000dde80000)
  to   space 12800K, 0% used [0x00000000e2100000,0x00000000e2100000,0x00000000e2d80000)
 ParOldGen       total 64512K, used 17205K [0x0000000080000000, 0x0000000083f00000, 0x00000000d5580000)
  object space 64512K, 26% used [0x0000000080000000,0x00000000810cd498,0x0000000083f00000)
 Metaspace       used 34319K, capacity 35410K, committed 35496K, reserved 1079296K
  class space    used 4721K, capacity 5002K, committed 5040K, reserved 1048576K
}

Deoptimization events (10 events):
Event: 7.102 Thread 0x000000001ae4d000 Uncommon trap: reason=unstable_if action=reinterpret pc=0x000000000295f8d0 method=java.util.HashMap.putVal(ILjava/lang/Object;Ljava/lang/Object;ZZ)Ljava/lang/Object; @ 162
Event: 7.883 Thread 0x0000000016f49000 Uncommon trap: reason=unstable_if action=reinterpret pc=0x000000000299c6fc method=java.lang.ref.Reference.tryHandlePending(Z)Z @ 104
Event: 7.889 Thread 0x000000001ae4d000 Uncommon trap: reason=unstable_if action=reinterpret pc=0x00000000028eb490 method=java.net.URLClassLoader.defineClass(Ljava/lang/String;Lsun/misc/Resource;)Ljava/lang/Class; @ 21
Event: 7.890 Thread 0x000000001ae4d000 Uncommon trap: reason=unstable_if action=reinterpret pc=0x000000000284adf4 method=java.lang.ClassLoader.getClassLoadingLock(Ljava/lang/String;)Ljava/lang/Object; @ 6
Event: 8.422 Thread 0x000000001ae4d000 Uncommon trap: reason=unstable_if action=reinterpret pc=0x000000000293b03c method=java.util.HashMap.getNode(ILjava/lang/Object;)Ljava/util/HashMap$Node; @ 53
Event: 8.623 Thread 0x000000001ae4d000 Uncommon trap: reason=unstable_if action=reinterpret pc=0x0000000002b42a44 method=org.gradle.internal.reflect.PropertyAccessorType.isGetGetterName(Ljava/lang/String;)Z @ 14
Event: 8.673 Thread 0x000000001ae4d000 Uncommon trap: reason=unstable_if action=reinterpret pc=0x0000000002a27400 method=org.objectweb.asm.ByteVector.putShort(I)Lorg/objectweb/asm/ByteVector; @ 13
Event: 8.834 Thread 0x000000001ae4d000 Uncommon trap: reason=unstable_if action=reinterpret pc=0x000000000290cb9c method=java.net.URLClassLoader.defineClass(Ljava/lang/String;Lsun/misc/Resource;)Ljava/lang/Class; @ 21
Event: 8.974 Thread 0x000000001ae4d000 Uncommon trap: reason=unstable_if action=reinterpret pc=0x0000000002d10608 method=org.codehaus.groovy.runtime.metaclass.MetaMethodIndex.addMethodToList(Ljava/lang/Object;Lgroovy/lang/MetaMethod;)Ljava/lang/Object; @ 226
Event: 9.220 Thread 0x000000001ae4d000 Uncommon trap: reason=range_check action=make_not_entrant pc=0x0000000002cdc03c method=java.lang.String.charAt(I)C @ 27

Classes redefined (0 events):
No events

Internal exceptions (10 events):
Event: 9.050 Thread 0x000000001ae4d000 Exception <a 'java/lang/ClassNotFoundException': org/gradle/api/internal/DefaultNamedDomainObjectCollectionCustomizer> (0x00000000d8e15b18) thrown at [C:\src\AOSP-openjdk-git\hotspot\src\share\vm\classfile\systemDictionary.cpp, line 210]
Event: 9.118 Thread 0x000000001ae4d000 Exception <a 'java/lang/ClassNotFoundException': org/gradle/api/internal/DefaultNamedDomainObjectListCustomizer> (0x00000000d8e8a6c8) thrown at [C:\src\AOSP-openjdk-git\hotspot\src\share\vm\classfile\systemDictionary.cpp, line 210]
Event: 9.146 Thread 0x000000001ae4d000 Exception <a 'java/lang/ClassNotFoundException': org/gradle/api/internal/artifacts/DefaultArtifactRepositoryContainerCustomizer> (0x00000000d8eff640) thrown at [C:\src\AOSP-openjdk-git\hotspot\src\share\vm\classfile\systemDictionary.cpp, line 210]
Event: 9.150 Thread 0x000000001ae4d000 Exception <a 'java/lang/ClassNotFoundException': org/gradle/api/internal/artifacts/dsl/DefaultRepositoryHandlerCustomizer> (0x00000000d8f649d8) thrown at [C:\src\AOSP-openjdk-git\hotspot\src\share\vm\classfile\systemDictionary.cpp, line 210]
Event: 9.154 Thread 0x000000001ae4d000 Exception <a 'java/lang/ClassNotFoundException': org/gradle/api/internal/artifacts/dsl/DefaultRepositoryHandler_DecoratedCustomizer> (0x00000000d8fe8330) thrown at [C:\src\AOSP-openjdk-git\hotspot\src\share\vm\classfile\systemDictionary.cpp, line 210]
Event: 9.458 Thread 0x000000001ae4d000 Exception <a 'java/lang/ClassNotFoundException': org/gradle/api/internal/artifacts/dsl/dependencies/DefaultDependencyHandler_DecoratedBeanInfo> (0x00000000d9d58be8) thrown at [C:\src\AOSP-openjdk-git\hotspot\src\share\vm\classfile\systemDictionary.cpp, li
Event: 9.478 Thread 0x000000001ae4d000 Exception <a 'java/lang/ClassNotFoundException': org/gradle/api/internal/artifacts/dsl/dependencies/DefaultDependencyHandlerBeanInfo> (0x00000000d9db1558) thrown at [C:\src\AOSP-openjdk-git\hotspot\src\share\vm\classfile\systemDictionary.cpp, line 210]
Event: 9.480 Thread 0x000000001ae4d000 Exception <a 'java/lang/ClassNotFoundException': org/gradle/api/internal/artifacts/dsl/dependencies/DefaultDependencyHandlerCustomizer> (0x00000000d9e0b198) thrown at [C:\src\AOSP-openjdk-git\hotspot\src\share\vm\classfile\systemDictionary.cpp, line 210]
Event: 9.485 Thread 0x000000001ae4d000 Exception <a 'java/lang/ClassNotFoundException': org/gradle/api/internal/artifacts/dsl/dependencies/DefaultDependencyHandler_DecoratedCustomizer> (0x00000000d9e95ea0) thrown at [C:\src\AOSP-openjdk-git\hotspot\src\share\vm\classfile\systemDictionary.cpp, 
Event: 9.640 Thread 0x000000001ae4d000 Exception <a 'java/lang/NoSuchMethodError': java.lang.Object.lambda$static$0(Lorg/gradle/api/internal/artifacts/configurations/MutationValidator$MutationType;)V> (0x00000000da505180) thrown at [C:\src\AOSP-openjdk-git\hotspot\src\share\vm\interpreter\link

Events (10 events):
Event: 10.015 loading class org/gradle/internal/typeconversion/FlatteningNotationParser
Event: 10.015 loading class org/gradle/internal/typeconversion/FlatteningNotationParser done
Event: 10.016 loading class org/gradle/api/Action
Event: 10.016 loading class org/gradle/api/Action done
Event: 10.016 loading class org/gradle/api/internal/artifacts/ivyservice/dependencysubstitution/DependencySubstitutionRules
Event: 10.016 loading class org/gradle/api/internal/artifacts/ivyservice/dependencysubstitution/DependencySubstitutionRules done
Event: 10.016 loading class org/gradle/api/Transformer
Event: 10.016 loading class org/gradle/api/Transformer done
Event: 10.017 loading class org/gradle/api/internal/artifacts/DependencySubstitutionInternal
Event: 10.017 loading class org/gradle/api/internal/artifacts/DependencySubstitutionInternal done


Dynamic libraries:
0x00007ff6a38d0000 - 0x00007ff6a3901000 	C:\Program Files\Android\Android Studio\jre\bin\java.exe
0x00007ffa2ba50000 - 0x00007ffa2bc46000 	C:\WINDOWS\SYSTEM32\ntdll.dll
0x00007ffa2a980000 - 0x00007ffa2aa3d000 	C:\WINDOWS\System32\KERNEL32.DLL
0x00007ffa29560000 - 0x00007ffa29829000 	C:\WINDOWS\System32\KERNELBASE.dll
0x00007ffa2b360000 - 0x00007ffa2b40c000 	C:\WINDOWS\System32\ADVAPI32.dll
0x00007ffa29d90000 - 0x00007ffa29e2e000 	C:\WINDOWS\System32\msvcrt.dll
0x00007ffa2aeb0000 - 0x00007ffa2af4c000 	C:\WINDOWS\System32\sechost.dll
0x00007ffa2b8e0000 - 0x00007ffa2ba0b000 	C:\WINDOWS\System32\RPCRT4.dll
0x00007ffa29be0000 - 0x00007ffa29d80000 	C:\WINDOWS\System32\USER32.dll
0x00007ffa29530000 - 0x00007ffa29552000 	C:\WINDOWS\System32\win32u.dll
0x00007ffa29b30000 - 0x00007ffa29b5a000 	C:\WINDOWS\System32\GDI32.dll
0x00007ffa29950000 - 0x00007ffa29a5b000 	C:\WINDOWS\System32\gdi32full.dll
0x00007ffa29830000 - 0x00007ffa298cd000 	C:\WINDOWS\System32\msvcp_win.dll
0x00007ffa29190000 - 0x00007ffa29290000 	C:\WINDOWS\System32\ucrtbase.dll
0x00007ffa18b60000 - 0x00007ffa18dfb000 	C:\WINDOWS\WinSxS\amd64_microsoft.windows.common-controls_6595b64144ccf1df_6.0.19041.746_none_ca02b4b61b8320a4\COMCTL32.dll
0x00007ffa2a870000 - 0x00007ffa2a8a0000 	C:\WINDOWS\System32\IMM32.DLL
0x000000006fd20000 - 0x000000006fdf2000 	C:\Program Files\Android\Android Studio\jre\jre\bin\msvcr100.dll
0x000000006fee0000 - 0x000000007072b000 	C:\Program Files\Android\Android Studio\jre\jre\bin\server\jvm.dll
0x00007ffa2a860000 - 0x00007ffa2a868000 	C:\WINDOWS\System32\PSAPI.DLL
0x00007ff9f9d10000 - 0x00007ff9f9d19000 	C:\WINDOWS\SYSTEM32\WSOCK32.dll
0x00007ffa2a8b0000 - 0x00007ffa2a91b000 	C:\WINDOWS\System32\WS2_32.dll
0x00007ffa221f0000 - 0x00007ffa22217000 	C:\WINDOWS\SYSTEM32\WINMM.dll
0x00007ffa1f0e0000 - 0x00007ffa1f0ea000 	C:\WINDOWS\SYSTEM32\VERSION.dll
0x00007ffa23920000 - 0x00007ffa2392f000 	C:\Program Files\Android\Android Studio\jre\jre\bin\verify.dll
0x00007ffa1f6f0000 - 0x00007ffa1f719000 	C:\Program Files\Android\Android Studio\jre\jre\bin\java.dll
0x00007ffa237e0000 - 0x00007ffa237f6000 	C:\Program Files\Android\Android Studio\jre\jre\bin\zip.dll
0x00007ffa2a110000 - 0x00007ffa2a853000 	C:\WINDOWS\System32\SHELL32.dll
0x00007ffa27000000 - 0x00007ffa2778f000 	C:\WINDOWS\SYSTEM32\windows.storage.dll
0x00007ffa2af50000 - 0x00007ffa2b2a6000 	C:\WINDOWS\System32\combase.dll
0x00007ffa28bf0000 - 0x00007ffa28c1c000 	C:\WINDOWS\SYSTEM32\Wldp.dll
0x00007ffa2b2b0000 - 0x00007ffa2b35e000 	C:\WINDOWS\System32\SHCORE.dll
0x00007ffa2a920000 - 0x00007ffa2a975000 	C:\WINDOWS\System32\shlwapi.dll
0x00007ffa290c0000 - 0x00007ffa290e6000 	C:\WINDOWS\SYSTEM32\profapi.dll
0x00007ffa230b0000 - 0x00007ffa230ca000 	C:\Program Files\Android\Android Studio\jre\jre\bin\net.dll
0x00007ffa28970000 - 0x00007ffa289da000 	C:\WINDOWS\system32\mswsock.dll
0x00007ffa1f950000 - 0x00007ffa1f963000 	C:\Program Files\Android\Android Studio\jre\jre\bin\nio.dll
0x00007ffa16f10000 - 0x00007ffa16f37000 	C:\Users\bkzar\.gradle\native\f6784746aeab05261644944871eae4fe03e0ef1612fff0a4a95f87b438bc6780\windows-amd64\native-platform.dll
0x00007ffa23910000 - 0x00007ffa2391d000 	C:\Program Files\Android\Android Studio\jre\jre\bin\management.dll
0x00007ffa28b40000 - 0x00007ffa28b58000 	C:\WINDOWS\SYSTEM32\CRYPTSP.dll
0x00007ffa282a0000 - 0x00007ffa282d4000 	C:\WINDOWS\system32\rsaenh.dll
0x00007ffa29500000 - 0x00007ffa29527000 	C:\WINDOWS\System32\bcrypt.dll
0x00007ffa29080000 - 0x00007ffa290ae000 	C:\WINDOWS\SYSTEM32\USERENV.dll
0x00007ffa298d0000 - 0x00007ffa29950000 	C:\WINDOWS\System32\bcryptprimitives.dll
0x00007ffa28b60000 - 0x00007ffa28b6c000 	C:\WINDOWS\SYSTEM32\CRYPTBASE.dll
0x00007ffa28610000 - 0x00007ffa2864b000 	C:\WINDOWS\SYSTEM32\IPHLPAPI.DLL
0x00007ffa29d80000 - 0x00007ffa29d88000 	C:\WINDOWS\System32\NSI.dll
0x00007ffa23100000 - 0x00007ffa23117000 	C:\WINDOWS\SYSTEM32\dhcpcsvc6.DLL
0x00007ffa233f0000 - 0x00007ffa2340d000 	C:\WINDOWS\SYSTEM32\dhcpcsvc.DLL
0x00007ffa28650000 - 0x00007ffa2871b000 	C:\WINDOWS\SYSTEM32\DNSAPI.dll
0x00007ffa238b0000 - 0x00007ffa238bb000 	C:\WINDOWS\SYSTEM32\WINNSI.DLL

VM Arguments:
jvm_args: -Xmx2048m -Dfile.encoding=UTF-8 -Duser.country=US -Duser.language=en -Duser.variant 
java_command: org.gradle.launcher.daemon.bootstrap.GradleDaemon 6.5
java_class_path (initial): C:\Users\bkzar\.gradle\wrapper\dists\gradle-6.5-all\2oz4ud9k3tuxjg84bbf55q0tn\gradle-6.5\lib\gradle-launcher-6.5.jar
Launcher Type: SUN_STANDARD

Environment Variables:
PATH=C:\Python38\Scripts\;C:\Python38\;C:\Program Files (x86)\Common Files\Oracle\Java\javapath;C:\ProgramData\Oracle\Java\javapath;C:\Users\bkzar\Downloads\platform-tools_r28.0.1-windows\platform-tools\fastboot;C:\Users\bkzar\Downloads\platform-tools_r28.0.1-windows\platform-tools\adb;C:\Users\bkzar\Downloads\platform-tools_r28.0.1-windows\platform-tools;C:\Program Files\Git\cmd;C:\Program Files\dotnet\;C:\Program Files\Microsoft SQL Server\130\Tools\Binn\;C:\Program Files\Microsoft SQL Server\Client SDK\ODBC\170\Tools\Binn\;C:\WINDOWS\system32;C:\WINDOWS;C:\WINDOWS\System32\Wbem;C:\WINDOWS\System32\WindowsPowerShell\v1.0\;C:\WINDOWS\System32\OpenSSH\;C:\Program Files\PuTTY\;C:\Program Files (x86)\Microsoft SQL Server\150\DTS\Binn\;C:\Program Files\Java\jdk1.8.0_151\bin;C:\Program Files\nodejs\;C:\ProgramData\chocolatey\bin;C:\Users\bkzar\AppData\Local\Programs\Python\Python38-32\Scripts\;C:\Users\bkzar\AppData\Local\Programs\Python\Python38-32\;C:\Users\bkzar\AppData\Local\Microsoft\WindowsApps;C:\Program Files\JetBrains\PyCharm Community Edition 2019.3.2\bin;C:\Program Files\Java\jdk1.8.0_151\bin;C:\Users\bkzar\.dotnet\tools;C:\Users\bkzar\AppData\Local\Programs\Microsoft VS Code\bin;C:\Users\bkzar\AppData\Roaming\npm;C:\Program Files\nodejs;;%USERPROFILE%\AppData\Local\Microsoft\WindowsApps
USERNAME=bkzar
OS=Windows_NT
PROCESSOR_IDENTIFIER=Intel64 Family 6 Model 58 Stepping 9, GenuineIntel



---------------  S Y S T E M  ---------------

OS: Windows 10.0 , 64 bit Build 19041 (10.0.19041.662)

CPU:total 4 (initial active 4) (2 cores per cpu, 2 threads per core) family 6 model 58 stepping 9, cmov, cx8, fxsr, mmx, sse, sse2, sse3, ssse3, sse4.1, sse4.2, popcnt, avx, aes, clmul, erms, ht, tsc, tscinvbit, tscinv

Memory: 4k page, physical 8275224k(879000k free), swap 33441048k(5844k free)

vm_info: OpenJDK 64-Bit Server VM (25.242-b01) for windows-amd64 JRE (1.8.0_242-release-1644-b01), built by "builder" with MS VC++ 10.0 (VS2010)

time: Thu Jan 28 21:14:41 2021
timezone: Eastern Standard Time
elapsed time: 10 seconds (0d 0h 0m 10s)

