#
# There is insufficient memory for the Java Runtime Environment to continue.
# Native memory allocation (malloc) failed to allocate 2233776 bytes for Chunk::new
# Possible reasons:
#   The system is out of physical RAM or swap space
#   The process is running with CompressedOops enabled, and the Java Heap may be blocking the growth of the native heap
# Possible solutions:
#   Reduce memory load on the system
#   Increase physical memory or swap space
#   Check if swap backing store is full
#   Decrease Java heap size (-Xmx/-Xms)
#   Decrease number of Java threads
#   Decrease Java thread stack sizes (-Xss)
#   Set larger code cache with -XX:ReservedCodeCacheSize=
#   JVM is running with Unscaled Compressed Oops mode in which the Java heap is
#     placed in the first 4GB address space. The Java Heap base address is the
#     maximum limit for the native heap growth. Please use -XX:HeapBaseMinAddress
#     to set the Java Heap base and to place the Java Heap above 4GB virtual address.
# This output file may be truncated or incomplete.
#
#  Out of Memory Error (allocation.cpp:389), pid=25284, tid=0x0000000000003c90
#
# JRE version: OpenJDK Runtime Environment (8.0_242-b01) (build 1.8.0_242-release-1644-b01)
# Java VM: OpenJDK 64-Bit Server VM (25.242-b01 mixed mode windows-amd64 compressed oops)
# Failed to write core dump. Minidumps are not enabled by default on client versions of Windows
#

---------------  T H R E A D  ---------------

Current thread (0x0000000017c98800):  JavaThread "C2 CompilerThread0" daemon [_thread_in_native, id=15504, stack(0x00000000192f0000,0x00000000193f0000)]

Stack: [0x00000000192f0000,0x00000000193f0000]
[error occurred during error reporting (printing stack bounds), id 0xc0000005]

Native frames: (J=compiled Java code, j=interpreted, Vv=VM code, C=native code)


Current CompileTask:
C2:  13456 4774       4       com.sun.beans.TypeResolver::resolve (37 bytes)


---------------  P R O C E S S  ---------------

Java Threads: ( => current thread )
  0x000000001e6c0000 JavaThread "pool-1-thread-1" [_thread_blocked, id=16144, stack(0x0000000028d10000,0x0000000028e10000)]
  0x000000001e6bd000 JavaThread "Cache worker for Build Output Cleanup Cache (C:\Users\bkzar\Downloads\friendlychat-android-master\friendlychat-android-master\Jima\.gradle\buildOutputCleanup)" [_thread_blocked, id=3284, stack(0x0000000028a10000,0x0000000028b10000)]
  0x000000001e6bf000 JavaThread "jar transforms Thread 94" [_thread_blocked, id=27664, stack(0x0000000028710000,0x0000000028810000)]
  0x000000001e6be800 JavaThread "jar transforms Thread 93" [_thread_blocked, id=27576, stack(0x0000000028610000,0x0000000028710000)]
  0x000000001e6ba800 JavaThread "jar transforms Thread 92" [_thread_blocked, id=15972, stack(0x0000000028510000,0x0000000028610000)]
  0x000000001e6bc000 JavaThread "jar transforms Thread 91" [_thread_blocked, id=16084, stack(0x0000000028410000,0x0000000028510000)]
  0x000000001e6bd800 JavaThread "jar transforms Thread 90" [_thread_blocked, id=24328, stack(0x0000000028310000,0x0000000028410000)]
  0x000000001e6c0800 JavaThread "jar transforms Thread 89" [_thread_blocked, id=2644, stack(0x0000000028210000,0x0000000028310000)]
  0x000000001e6b2800 JavaThread "jar transforms Thread 88" [_thread_blocked, id=12292, stack(0x0000000028110000,0x0000000028210000)]
  0x000000001e6b9000 JavaThread "jar transforms Thread 87" [_thread_blocked, id=27804, stack(0x0000000028010000,0x0000000028110000)]
  0x000000001e6b8800 JavaThread "jar transforms Thread 86" [_thread_blocked, id=9064, stack(0x0000000027f10000,0x0000000028010000)]
  0x000000001e6b1800 JavaThread "jar transforms Thread 85" [_thread_blocked, id=12184, stack(0x0000000027e10000,0x0000000027f10000)]
  0x000000001e6b7800 JavaThread "jar transforms Thread 84" [_thread_blocked, id=18588, stack(0x0000000027d10000,0x0000000027e10000)]
  0x000000001e6b7000 JavaThread "jar transforms Thread 83" [_thread_blocked, id=14104, stack(0x0000000027c10000,0x0000000027d10000)]
  0x000000001e6b6000 JavaThread "jar transforms Thread 82" [_thread_blocked, id=19524, stack(0x0000000027b10000,0x0000000027c10000)]
  0x000000001e6b5800 JavaThread "jar transforms Thread 81" [_thread_blocked, id=25724, stack(0x0000000027a10000,0x0000000027b10000)]
  0x000000001e6b4000 JavaThread "jar transforms Thread 80" [_thread_blocked, id=24728, stack(0x0000000027910000,0x0000000027a10000)]
  0x000000001e6b4800 JavaThread "jar transforms Thread 79" [_thread_blocked, id=10980, stack(0x0000000027810000,0x0000000027910000)]
  0x000000001e6b3000 JavaThread "jar transforms Thread 78" [_thread_blocked, id=23220, stack(0x0000000027710000,0x0000000027810000)]
  0x000000001a41d000 JavaThread "jar transforms Thread 77" [_thread_blocked, id=13044, stack(0x0000000027610000,0x0000000027710000)]
  0x000000001a41e800 JavaThread "jar transforms Thread 76" [_thread_blocked, id=28612, stack(0x0000000027510000,0x0000000027610000)]
  0x000000001a41b000 JavaThread "jar transforms Thread 75" [_thread_blocked, id=28272, stack(0x0000000027410000,0x0000000027510000)]
  0x000000001a421800 JavaThread "jar transforms Thread 74" [_thread_blocked, id=23944, stack(0x0000000027310000,0x0000000027410000)]
  0x000000001a41a000 JavaThread "jar transforms Thread 73" [_thread_blocked, id=17784, stack(0x0000000027210000,0x0000000027310000)]
  0x000000001a41e000 JavaThread "jar transforms Thread 72" [_thread_blocked, id=4984, stack(0x0000000027110000,0x0000000027210000)]
  0x000000001a41b800 JavaThread "jar transforms Thread 71" [_thread_blocked, id=1680, stack(0x0000000027010000,0x0000000027110000)]
  0x000000001a420000 JavaThread "jar transforms Thread 70" [_thread_blocked, id=21492, stack(0x0000000026f10000,0x0000000027010000)]
  0x000000001a41c800 JavaThread "jar transforms Thread 69" [_thread_blocked, id=28504, stack(0x0000000026e10000,0x0000000026f10000)]
  0x000000001a41f800 JavaThread "jar transforms Thread 68" [_thread_blocked, id=4904, stack(0x0000000026d10000,0x0000000026e10000)]
  0x000000001a421000 JavaThread "jar transforms Thread 67" [_thread_blocked, id=5840, stack(0x0000000026c10000,0x0000000026d10000)]
  0x000000001a413800 JavaThread "jar transforms Thread 66" [_thread_blocked, id=17976, stack(0x0000000026b10000,0x0000000026c10000)]
  0x000000001a417000 JavaThread "jar transforms Thread 65" [_thread_blocked, id=2424, stack(0x0000000026a10000,0x0000000026b10000)]
  0x000000001a416800 JavaThread "jar transforms Thread 64" [_thread_blocked, id=11888, stack(0x0000000026910000,0x0000000026a10000)]
  0x000000001a415000 JavaThread "jar transforms Thread 63" [_thread_blocked, id=16556, stack(0x0000000026810000,0x0000000026910000)]
  0x000000001a415800 JavaThread "jar transforms Thread 62" [_thread_blocked, id=25424, stack(0x0000000026710000,0x0000000026810000)]
  0x000000001a418000 JavaThread "jar transforms Thread 61" [_thread_blocked, id=10428, stack(0x0000000026610000,0x0000000026710000)]
  0x000000001a418800 JavaThread "jar transforms Thread 60" [_thread_blocked, id=22088, stack(0x0000000026510000,0x0000000026610000)]
  0x000000001a419800 JavaThread "jar transforms Thread 59" [_thread_blocked, id=21672, stack(0x0000000026410000,0x0000000026510000)]
  0x000000001a414000 JavaThread "jar transforms Thread 58" [_thread_blocked, id=12316, stack(0x0000000026310000,0x0000000026410000)]
  0x000000001a412800 JavaThread "jar transforms Thread 57" [_thread_blocked, id=22684, stack(0x0000000026210000,0x0000000026310000)]
  0x000000001f1ef000 JavaThread "jar transforms Thread 56" [_thread_blocked, id=21596, stack(0x0000000026110000,0x0000000026210000)]
  0x000000001f1ee800 JavaThread "jar transforms Thread 55" [_thread_blocked, id=24360, stack(0x0000000026010000,0x0000000026110000)]
  0x000000001f1ed800 JavaThread "jar transforms Thread 54" [_thread_blocked, id=2496, stack(0x0000000025f10000,0x0000000026010000)]
  0x000000001f1ed000 JavaThread "jar transforms Thread 53" [_thread_blocked, id=26252, stack(0x0000000025e10000,0x0000000025f10000)]
  0x000000001f1e9000 JavaThread "jar transforms Thread 52" [_thread_blocked, id=27280, stack(0x0000000025d10000,0x0000000025e10000)]
  0x000000001f1ea000 JavaThread "jar transforms Thread 51" [_thread_blocked, id=28268, stack(0x0000000025c10000,0x0000000025d10000)]
  0x000000001f1eb800 JavaThread "jar transforms Thread 50" [_thread_blocked, id=28312, stack(0x0000000025b10000,0x0000000025c10000)]
  0x000000001f1ec000 JavaThread "jar transforms Thread 49" [_thread_blocked, id=27600, stack(0x0000000025a10000,0x0000000025b10000)]
  0x000000001f1ea800 JavaThread "jar transforms Thread 48" [_thread_blocked, id=14736, stack(0x0000000025910000,0x0000000025a10000)]
  0x000000001f1e1800 JavaThread "jar transforms Thread 47" [_thread_blocked, id=21572, stack(0x0000000025810000,0x0000000025910000)]
  0x000000001f1e7000 JavaThread "jar transforms Thread 46" [_thread_blocked, id=13604, stack(0x0000000025710000,0x0000000025810000)]
  0x000000001f1e6000 JavaThread "jar transforms Thread 45" [_thread_blocked, id=26100, stack(0x0000000025610000,0x0000000025710000)]
  0x000000001f1e8800 JavaThread "jar transforms Thread 44" [_thread_blocked, id=19332, stack(0x0000000025510000,0x0000000025610000)]
  0x000000001f1e1000 JavaThread "jar transforms Thread 43" [_thread_blocked, id=14444, stack(0x0000000025410000,0x0000000025510000)]
  0x000000001f1e5800 JavaThread "jar transforms Thread 42" [_thread_blocked, id=1468, stack(0x0000000025310000,0x0000000025410000)]
  0x000000001f1e3000 JavaThread "jar transforms Thread 41" [_thread_blocked, id=9072, stack(0x0000000025210000,0x0000000025310000)]
  0x000000001f1e2800 JavaThread "jar transforms Thread 40" [_thread_blocked, id=14752, stack(0x0000000025110000,0x0000000025210000)]
  0x000000001f1e7800 JavaThread "jar transforms Thread 39" [_thread_blocked, id=22928, stack(0x0000000025010000,0x0000000025110000)]
  0x000000001f1e4000 JavaThread "jar transforms Thread 38" [_thread_blocked, id=24268, stack(0x0000000024f10000,0x0000000025010000)]
  0x000000001f1e4800 JavaThread "jar transforms Thread 37" [_thread_blocked, id=10708, stack(0x0000000024e10000,0x0000000024f10000)]
  0x000000001f1e0000 JavaThread "jar transforms Thread 36" [_thread_blocked, id=15228, stack(0x0000000024d10000,0x0000000024e10000)]
  0x000000001f1d7000 JavaThread "jar transforms Thread 35" [_thread_blocked, id=17688, stack(0x0000000024c10000,0x0000000024d10000)]
  0x000000001f1d5800 JavaThread "jar transforms Thread 34" [_thread_blocked, id=11124, stack(0x0000000024b10000,0x0000000024c10000)]
  0x000000001f1d4000 JavaThread "jar transforms Thread 33" [_thread_blocked, id=26876, stack(0x0000000024a10000,0x0000000024b10000)]
  0x000000001f1d3800 JavaThread "jar transforms Thread 32" [_thread_blocked, id=5420, stack(0x0000000024910000,0x0000000024a10000)]
  0x000000001f1d5000 JavaThread "jar transforms Thread 31" [_thread_blocked, id=8144, stack(0x0000000024810000,0x0000000024910000)]
  0x000000001f1d6800 JavaThread "jar transforms Thread 30" [_thread_blocked, id=15000, stack(0x0000000024710000,0x0000000024810000)]
  0x000000001f1d2800 JavaThread "jar transforms Thread 29" [_thread_blocked, id=7320, stack(0x0000000024610000,0x0000000024710000)]
  0x000000001f1cb000 JavaThread "jar transforms Thread 28" [_thread_blocked, id=25940, stack(0x0000000024510000,0x0000000024610000)]
  0x000000001f1d2000 JavaThread "jar transforms Thread 27" [_thread_blocked, id=12004, stack(0x0000000024410000,0x0000000024510000)]
  0x000000001f1d1000 JavaThread "jar transforms Thread 26" [_thread_blocked, id=3100, stack(0x0000000024310000,0x0000000024410000)]
  0x000000001f1ca800 JavaThread "jar transforms Thread 25" [_thread_blocked, id=8460, stack(0x0000000024210000,0x0000000024310000)]
  0x000000001f1d0800 JavaThread "jar transforms Thread 24" [_thread_blocked, id=20488, stack(0x0000000024110000,0x0000000024210000)]
  0x000000001f1c9000 JavaThread "jar transforms Thread 23" [_thread_blocked, id=17580, stack(0x0000000024010000,0x0000000024110000)]
  0x000000001f1c9800 JavaThread "jar transforms Thread 22" [_thread_blocked, id=16484, stack(0x0000000023f10000,0x0000000024010000)]
  0x000000001f1cc800 JavaThread "jar transforms Thread 21" [_thread_blocked, id=11496, stack(0x0000000023e10000,0x0000000023f10000)]
  0x000000001f1cf800 JavaThread "jar transforms Thread 20" [_thread_blocked, id=28380, stack(0x0000000023d10000,0x0000000023e10000)]
  0x000000001f1cc000 JavaThread "jar transforms Thread 19" [_thread_blocked, id=23180, stack(0x0000000023c10000,0x0000000023d10000)]
  0x000000001f1cd800 JavaThread "jar transforms Thread 18" [_thread_blocked, id=18636, stack(0x0000000023b10000,0x0000000023c10000)]
  0x000000001f1cf000 JavaThread "jar transforms Thread 17" [_thread_blocked, id=2692, stack(0x0000000023a10000,0x0000000023b10000)]
  0x000000001f1ce000 JavaThread "jar transforms Thread 16" [_thread_blocked, id=14464, stack(0x0000000023910000,0x0000000023a10000)]
  0x000000001f1c8000 JavaThread "jar transforms Thread 15" [_thread_blocked, id=9848, stack(0x0000000023810000,0x0000000023910000)]
  0x000000001f6f4800 JavaThread "jar transforms Thread 14" [_thread_blocked, id=10512, stack(0x0000000023710000,0x0000000023810000)]
  0x000000001f6f3800 JavaThread "jar transforms Thread 13" [_thread_blocked, id=15984, stack(0x0000000023610000,0x0000000023710000)]
  0x000000001f6f3000 JavaThread "jar transforms Thread 12" [_thread_blocked, id=12392, stack(0x0000000023510000,0x0000000023610000)]
  0x000000001f6f2000 JavaThread "jar transforms Thread 11" [_thread_blocked, id=3972, stack(0x0000000023410000,0x0000000023510000)]
  0x000000001f6ea800 JavaThread "jar transforms Thread 10" [_thread_blocked, id=11708, stack(0x0000000023310000,0x0000000023410000)]
  0x000000001f6f1800 JavaThread "jar transforms Thread 9" [_thread_blocked, id=28400, stack(0x0000000023210000,0x0000000023310000)]
  0x000000001f6f0800 JavaThread "jar transforms Thread 8" [_thread_blocked, id=3388, stack(0x0000000023110000,0x0000000023210000)]
  0x000000001f6ea000 JavaThread "jar transforms Thread 7" [_thread_blocked, id=20912, stack(0x0000000023010000,0x0000000023110000)]
  0x000000001f6f0000 JavaThread "jar transforms Thread 6" [_thread_blocked, id=28476, stack(0x0000000022f10000,0x0000000023010000)]
  0x000000001f6ef000 JavaThread "jar transforms Thread 5" [_thread_blocked, id=26536, stack(0x0000000022e10000,0x0000000022f10000)]
  0x000000001f6ee800 JavaThread "jar transforms Thread 4" [_thread_blocked, id=26668, stack(0x0000000022d10000,0x0000000022e10000)]
  0x000000001f6e7800 JavaThread "jar transforms Thread 3" [_thread_blocked, id=18720, stack(0x0000000022c10000,0x0000000022d10000)]
  0x000000001f6e7000 JavaThread "jar transforms Thread 2" [_thread_blocked, id=4060, stack(0x0000000022b10000,0x0000000022c10000)]
  0x000000001f6e8800 JavaThread "Build operations Thread 4" [_thread_blocked, id=11224, stack(0x0000000022a10000,0x0000000022b10000)]
  0x000000001f6ed800 JavaThread "Build operations Thread 3" [_thread_blocked, id=28580, stack(0x0000000022910000,0x0000000022a10000)]
  0x000000001f6ed000 JavaThread "Build operations Thread 2" [_thread_blocked, id=13540, stack(0x0000000022810000,0x0000000022910000)]
  0x000000001f6e5800 JavaThread "Build operations" [_thread_blocked, id=10344, stack(0x0000000022710000,0x0000000022810000)]
  0x000000001b8b8000 JavaThread "Cache worker for file content cache (C:\Users\bkzar\.gradle\caches\6.5\fileContent)" [_thread_blocked, id=21944, stack(0x0000000022010000,0x0000000022110000)]
  0x000000001b8b7000 JavaThread "jar transforms" [_thread_blocked, id=22792, stack(0x0000000021f10000,0x0000000022010000)]
  0x000000001b8b6800 JavaThread "Cache worker for execution history cache (C:\Users\bkzar\.gradle\caches\6.5\executionHistory)" [_thread_blocked, id=25668, stack(0x0000000021810000,0x0000000021910000)]
  0x000000001b8b5000 JavaThread "Cache worker for cache directory md-rule (C:\Users\bkzar\.gradle\caches\6.5\md-rule)" [_thread_blocked, id=9312, stack(0x0000000021710000,0x0000000021810000)]
  0x000000001b8b2800 JavaThread "Cache worker for cache directory md-supplier (C:\Users\bkzar\.gradle\caches\6.5\md-supplier)" [_thread_blocked, id=27888, stack(0x00000000202b0000,0x00000000203b0000)]
  0x000000001b8b4000 JavaThread "Cache worker for checksums cache (C:\Users\bkzar\Downloads\friendlychat-android-master\friendlychat-android-master\Jima\.gradle\checksums)" [_thread_blocked, id=21312, stack(0x00000000201b0000,0x00000000202b0000)]
  0x000000001b8b5800 JavaThread "Cache worker for file hash cache (C:\Users\bkzar\Downloads\friendlychat-android-master\friendlychat-android-master\Jima\.gradle\6.5\fileHashes)" [_thread_blocked, id=28512, stack(0x0000000021610000,0x0000000021710000)]
  0x000000001b8b3800 JavaThread "Cache worker for file hash cache (C:\Users\bkzar\.gradle\caches\6.5\fileHashes)" [_thread_blocked, id=19472, stack(0x000000001dd10000,0x000000001de10000)]
  0x000000001b8b2000 JavaThread "File lock request listener" [_thread_in_native, id=968, stack(0x000000001dc10000,0x000000001dd10000)]
  0x000000001a61f000 JavaThread "Cache worker for journal cache (C:\Users\bkzar\.gradle\caches\journal-1)" [_thread_blocked, id=14344, stack(0x000000001da10000,0x000000001db10000)]
  0x000000001b74f800 JavaThread "Thread-9" [_thread_blocked, id=17168, stack(0x000000001d710000,0x000000001d810000)]
  0x000000001b74a800 JavaThread "Stdin handler" [_thread_blocked, id=22232, stack(0x000000001d610000,0x000000001d710000)]
  0x000000001b755800 JavaThread "Asynchronous log dispatcher for DefaultDaemonConnection: socket connection from /127.0.0.1:52095 to /127.0.0.1:52096" [_thread_blocked, id=8244, stack(0x000000001d510000,0x000000001d610000)]
  0x000000001b753000 JavaThread "Daemon worker" [_thread_in_Java, id=14136, stack(0x000000001d410000,0x000000001d510000)]
  0x000000001b71e800 JavaThread "Cancel handler" [_thread_blocked, id=17240, stack(0x000000001d310000,0x000000001d410000)]
  0x000000001b6e4800 JavaThread "Handler for socket connection from /127.0.0.1:52095 to /127.0.0.1:52096" [_thread_in_native, id=16780, stack(0x000000001d210000,0x000000001d310000)]
  0x000000001b6e1800 JavaThread "Daemon" [_thread_blocked, id=21876, stack(0x000000001d110000,0x000000001d210000)]
  0x000000001b6be800 JavaThread "Daemon periodic checks" [_thread_blocked, id=14348, stack(0x000000001ce10000,0x000000001cf10000)]
  0x000000001b66a000 JavaThread "Incoming local TCP Connector on port 52095" [_thread_in_native, id=28584, stack(0x000000001cbd0000,0x000000001ccd0000)]
  0x000000001969e000 JavaThread "Daemon health stats" [_thread_blocked, id=12140, stack(0x000000001c590000,0x000000001c690000)]
  0x0000000019621800 JavaThread "Service Thread" daemon [_thread_blocked, id=27116, stack(0x00000000199f0000,0x0000000019af0000)]
  0x0000000017caf800 JavaThread "C1 CompilerThread2" daemon [_thread_blocked, id=6844, stack(0x00000000194f0000,0x00000000195f0000)]
  0x0000000017c9c800 JavaThread "C2 CompilerThread1" daemon [_thread_in_native, id=9976, stack(0x00000000193f0000,0x00000000194f0000)]
=>0x0000000017c98800 JavaThread "C2 CompilerThread0" daemon [_thread_in_native, id=15504, stack(0x00000000192f0000,0x00000000193f0000)]
  0x0000000017c97000 JavaThread "Attach Listener" daemon [_thread_blocked, id=9984, stack(0x00000000191f0000,0x00000000192f0000)]
  0x0000000017c95800 JavaThread "Signal Dispatcher" daemon [_thread_blocked, id=480, stack(0x00000000190f0000,0x00000000191f0000)]
  0x0000000002fdc800 JavaThread "Finalizer" daemon [_thread_blocked, id=9980, stack(0x0000000018ef0000,0x0000000018ff0000)]
  0x0000000017c79800 JavaThread "Reference Handler" daemon [_thread_blocked, id=23100, stack(0x0000000018df0000,0x0000000018ef0000)]
  0x0000000002ee2800 JavaThread "main" [_thread_blocked, id=13132, stack(0x0000000002d90000,0x0000000002e90000)]

Other Threads:
  0x0000000017c56800 VMThread [stack: 0x0000000018cf0000,0x0000000018df0000] [id=25616]
  0x0000000017cea800 WatcherThread [stack: 0x0000000019af0000,0x0000000019bf0000] [id=14180]

VM state:not at safepoint (normal execution)

VM Mutex/Monitor currently owned by a thread: None

heap address: 0x0000000080000000, size: 2048 MB, Compressed Oops mode: 32-bit
Narrow klass base: 0x0000000000000000, Narrow klass shift: 3
Compressed class space size: 1073741824 Address: 0x0000000100000000

Heap:
 PSYoungGen      total 198144K, used 170041K [0x00000000d5580000, 0x00000000e2e00000, 0x0000000100000000)
  eden space 186880K, 85% used [0x00000000d5580000,0x00000000df0f2f08,0x00000000e0c00000)
  from space 11264K, 96% used [0x00000000e2300000,0x00000000e2d9b8b8,0x00000000e2e00000)
  to   space 13824K, 0% used [0x00000000e1300000,0x00000000e1300000,0x00000000e2080000)
 ParOldGen       total 64000K, used 17224K [0x0000000080000000, 0x0000000083e80000, 0x00000000d5580000)
  object space 64000K, 26% used [0x0000000080000000,0x00000000810d21d0,0x0000000083e80000)
 Metaspace       used 53529K, capacity 55644K, committed 55848K, reserved 1097728K
  class space    used 7225K, capacity 7689K, committed 7728K, reserved 1048576K

Card table byte_map: [0x0000000012430000,0x0000000012840000] byte_map_base: 0x0000000012030000

Marking Bits: (ParMarkBitMap*) 0x00000000706af030
 Begin Bits: [0x0000000012ef0000, 0x0000000014ef0000)
 End Bits:   [0x0000000014ef0000, 0x0000000016ef0000)

Polling page: 0x00000000015d0000

CodeCache: size=245760Kb used=15402Kb max_used=15402Kb free=230357Kb
 bounds [0x0000000003070000, 0x0000000003f90000, 0x0000000012070000]
 total_blobs=5249 nmethods=4485 adapters=676
 compilation: enabled

Compilation events (10 events):
Event: 13.383 Thread 0x0000000017caf800 4910       1       org.gradle.api.internal.provider.DefaultProperty::getType (5 bytes)
Event: 13.383 Thread 0x0000000017caf800 nmethod 4910 0x0000000003f86610 code [0x0000000003f86760, 0x0000000003f86870]
Event: 13.384 Thread 0x0000000017caf800 4911       3       java.lang.Enum::equals (11 bytes)
Event: 13.384 Thread 0x0000000017caf800 nmethod 4911 0x0000000003f868d0 code [0x0000000003f86a20, 0x0000000003f86bd0]
Event: 13.421 Thread 0x0000000017caf800 4912       1       com.google.common.collect.ImmutableMapEntry$NonTerminalImmutableMapEntry::getNextInKeyBucket (5 bytes)
Event: 13.421 Thread 0x0000000017caf800 nmethod 4912 0x0000000003f86c50 code [0x0000000003f86da0, 0x0000000003f86eb0]
Event: 13.434 Thread 0x0000000017caf800 4913       1       org.gradle.internal.ImmutableActionSet$SetWithFewActions::isEmpty (2 bytes)
Event: 13.434 Thread 0x0000000017caf800 nmethod 4913 0x0000000003f86f10 code [0x0000000003f87060, 0x0000000003f87170]
Event: 13.453 Thread 0x0000000017caf800 4914       3       org.gradle.api.internal.DefaultDomainObjectCollection::withMutationDisabled (11 bytes)
Event: 13.453 Thread 0x0000000017caf800 nmethod 4914 0x0000000003f871d0 code [0x0000000003f87340, 0x0000000003f87618]

GC Heap History (10 events):
Event: 4.979 GC heap before
{Heap before GC invocations=8 (full 1):
 PSYoungGen      total 76800K, used 3684K [0x00000000d5580000, 0x00000000deb80000, 0x0000000100000000)
  eden space 66048K, 0% used [0x00000000d5580000,0x00000000d5580000,0x00000000d9600000)
  from space 10752K, 34% used [0x00000000d9600000,0x00000000d9999050,0x00000000da080000)
  to   space 10752K, 0% used [0x00000000de100000,0x00000000de100000,0x00000000deb80000)
 ParOldGen       total 87552K, used 8768K [0x0000000080000000, 0x0000000085580000, 0x00000000d5580000)
  object space 87552K, 10% used [0x0000000080000000,0x0000000080890110,0x0000000085580000)
 Metaspace       used 20604K, capacity 21212K, committed 21296K, reserved 1067008K
  class space    used 2873K, capacity 3076K, committed 3120K, reserved 1048576K
Event: 5.027 GC heap after
Heap after GC invocations=8 (full 1):
 PSYoungGen      total 76800K, used 0K [0x00000000d5580000, 0x00000000deb80000, 0x0000000100000000)
  eden space 66048K, 0% used [0x00000000d5580000,0x00000000d5580000,0x00000000d9600000)
  from space 10752K, 0% used [0x00000000d9600000,0x00000000d9600000,0x00000000da080000)
  to   space 10752K, 0% used [0x00000000de100000,0x00000000de100000,0x00000000deb80000)
 ParOldGen       total 46080K, used 6631K [0x0000000080000000, 0x0000000082d00000, 0x00000000d5580000)
  object space 46080K, 14% used [0x0000000080000000,0x0000000080679dd8,0x0000000082d00000)
 Metaspace       used 20604K, capacity 21212K, committed 21296K, reserved 1067008K
  class space    used 2873K, capacity 3076K, committed 3120K, reserved 1048576K
}
Event: 6.335 GC heap before
{Heap before GC invocations=9 (full 1):
 PSYoungGen      total 76800K, used 66048K [0x00000000d5580000, 0x00000000deb80000, 0x0000000100000000)
  eden space 66048K, 100% used [0x00000000d5580000,0x00000000d9600000,0x00000000d9600000)
  from space 10752K, 0% used [0x00000000d9600000,0x00000000d9600000,0x00000000da080000)
  to   space 10752K, 0% used [0x00000000de100000,0x00000000de100000,0x00000000deb80000)
 ParOldGen       total 46080K, used 6631K [0x0000000080000000, 0x0000000082d00000, 0x00000000d5580000)
  object space 46080K, 14% used [0x0000000080000000,0x0000000080679df8,0x0000000082d00000)
 Metaspace       used 28824K, capacity 29678K, committed 29872K, reserved 1075200K
  class space    used 3992K, capacity 4225K, committed 4272K, reserved 1048576K
Event: 6.346 GC heap after
Heap after GC invocations=9 (full 1):
 PSYoungGen      total 136192K, used 8580K [0x00000000d5580000, 0x00000000de980000, 0x0000000100000000)
  eden space 127488K, 0% used [0x00000000d5580000,0x00000000d5580000,0x00000000dd200000)
  from space 8704K, 98% used [0x00000000de100000,0x00000000de961228,0x00000000de980000)
  to   space 11264K, 0% used [0x00000000dd380000,0x00000000dd380000,0x00000000dde80000)
 ParOldGen       total 46080K, used 6639K [0x0000000080000000, 0x0000000082d00000, 0x00000000d5580000)
  object space 46080K, 14% used [0x0000000080000000,0x000000008067bdf8,0x0000000082d00000)
 Metaspace       used 28824K, capacity 29678K, committed 29872K, reserved 1075200K
  class space    used 3992K, capacity 4225K, committed 4272K, reserved 1048576K
}
Event: 7.885 GC heap before
{Heap before GC invocations=10 (full 1):
 PSYoungGen      total 136192K, used 102735K [0x00000000d5580000, 0x00000000de980000, 0x0000000100000000)
  eden space 127488K, 73% used [0x00000000d5580000,0x00000000db172b98,0x00000000dd200000)
  from space 8704K, 98% used [0x00000000de100000,0x00000000de961228,0x00000000de980000)
  to   space 11264K, 0% used [0x00000000dd380000,0x00000000dd380000,0x00000000dde80000)
 ParOldGen       total 46080K, used 6639K [0x0000000080000000, 0x0000000082d00000, 0x00000000d5580000)
  object space 46080K, 14% used [0x0000000080000000,0x000000008067bdf8,0x0000000082d00000)
 Metaspace       used 34306K, capacity 35402K, committed 35496K, reserved 1079296K
  class space    used 4720K, capacity 5002K, committed 5040K, reserved 1048576K
Event: 7.911 GC heap after
Heap after GC invocations=10 (full 1):
 PSYoungGen      total 140288K, used 11030K [0x00000000d5580000, 0x00000000e2f80000, 0x0000000100000000)
  eden space 129024K, 0% used [0x00000000d5580000,0x00000000d5580000,0x00000000dd380000)
  from space 11264K, 97% used [0x00000000dd380000,0x00000000dde45970,0x00000000dde80000)
  to   space 12800K, 0% used [0x00000000e2300000,0x00000000e2300000,0x00000000e2f80000)
 ParOldGen       total 46080K, used 6647K [0x0000000080000000, 0x0000000082d00000, 0x00000000d5580000)
  object space 46080K, 14% used [0x0000000080000000,0x000000008067ddf8,0x0000000082d00000)
 Metaspace       used 34306K, capacity 35402K, committed 35496K, reserved 1079296K
  class space    used 4720K, capacity 5002K, committed 5040K, reserved 1048576K
}
Event: 7.911 GC heap before
{Heap before GC invocations=11 (full 2):
 PSYoungGen      total 140288K, used 11030K [0x00000000d5580000, 0x00000000e2f80000, 0x0000000100000000)
  eden space 129024K, 0% used [0x00000000d5580000,0x00000000d5580000,0x00000000dd380000)
  from space 11264K, 97% used [0x00000000dd380000,0x00000000dde45970,0x00000000dde80000)
  to   space 12800K, 0% used [0x00000000e2300000,0x00000000e2300000,0x00000000e2f80000)
 ParOldGen       total 46080K, used 6647K [0x0000000080000000, 0x0000000082d00000, 0x00000000d5580000)
  object space 46080K, 14% used [0x0000000080000000,0x000000008067ddf8,0x0000000082d00000)
 Metaspace       used 34306K, capacity 35402K, committed 35496K, reserved 1079296K
  class space    used 4720K, capacity 5002K, committed 5040K, reserved 1048576K
Event: 8.042 GC heap after
Heap after GC invocations=11 (full 2):
 PSYoungGen      total 140288K, used 0K [0x00000000d5580000, 0x00000000e2f80000, 0x0000000100000000)
  eden space 129024K, 0% used [0x00000000d5580000,0x00000000d5580000,0x00000000dd380000)
  from space 11264K, 0% used [0x00000000dd380000,0x00000000dd380000,0x00000000dde80000)
  to   space 12800K, 0% used [0x00000000e2300000,0x00000000e2300000,0x00000000e2f80000)
 ParOldGen       total 64000K, used 17210K [0x0000000080000000, 0x0000000083e80000, 0x00000000d5580000)
  object space 64000K, 26% used [0x0000000080000000,0x00000000810cea70,0x0000000083e80000)
 Metaspace       used 34306K, capacity 35402K, committed 35496K, reserved 1079296K
  class space    used 4720K, capacity 5002K, committed 5040K, reserved 1048576K
}
Event: 9.970 GC heap before
{Heap before GC invocations=12 (full 2):
 PSYoungGen      total 140288K, used 129024K [0x00000000d5580000, 0x00000000e2f80000, 0x0000000100000000)
  eden space 129024K, 100% used [0x00000000d5580000,0x00000000dd380000,0x00000000dd380000)
  from space 11264K, 0% used [0x00000000dd380000,0x00000000dd380000,0x00000000dde80000)
  to   space 12800K, 0% used [0x00000000e2300000,0x00000000e2300000,0x00000000e2f80000)
 ParOldGen       total 64000K, used 17216K [0x0000000080000000, 0x0000000083e80000, 0x00000000d5580000)
  object space 64000K, 26% used [0x0000000080000000,0x00000000810d01d0,0x0000000083e80000)
 Metaspace       used 39749K, capacity 41506K, committed 41768K, reserved 1085440K
  class space    used 5480K, capacity 5847K, committed 5936K, reserved 1048576K
Event: 9.986 GC heap after
Heap after GC invocations=12 (full 2):
 PSYoungGen      total 198144K, used 10862K [0x00000000d5580000, 0x00000000e2e00000, 0x0000000100000000)
  eden space 186880K, 0% used [0x00000000d5580000,0x00000000d5580000,0x00000000e0c00000)
  from space 11264K, 96% used [0x00000000e2300000,0x00000000e2d9b8b8,0x00000000e2e00000)
  to   space 13824K, 0% used [0x00000000e1300000,0x00000000e1300000,0x00000000e2080000)
 ParOldGen       total 64000K, used 17224K [0x0000000080000000, 0x0000000083e80000, 0x00000000d5580000)
  object space 64000K, 26% used [0x0000000080000000,0x00000000810d21d0,0x0000000083e80000)
 Metaspace       used 39749K, capacity 41506K, committed 41768K, reserved 1085440K
  class space    used 5480K, capacity 5847K, committed 5936K, reserved 1048576K
}

Deoptimization events (10 events):
Event: 11.583 Thread 0x000000001b753000 Uncommon trap: reason=unstable_if action=reinterpret pc=0x0000000003af0270 method=org.gradle.internal.reflect.PropertyAccessorType.of(Ljava/lang/reflect/Method;)Lorg/gradle/internal/reflect/PropertyAccessorType; @ 56
Event: 12.170 Thread 0x000000001b753000 Uncommon trap: reason=unstable_if action=reinterpret pc=0x000000000382a134 method=com.sun.org.apache.xerces.internal.impl.XMLEntityScanner.checkBeforeLoad(Lcom/sun/xml/internal/stream/Entity$ScannedEntity;II)I @ 18
Event: 12.292 Thread 0x000000001b753000 Uncommon trap: reason=unstable_if action=reinterpret pc=0x00000000032c03f0 method=org.gradle.internal.instantiation.generator.AbstractClassGenerator$InjectionAnnotationValidator.validateMethod(Ljava/lang/reflect/Method;Lorg/gradle/internal/reflect/Propert
Event: 12.292 Thread 0x000000001b753000 Uncommon trap: reason=unstable_if action=reinterpret pc=0x0000000003d2a2c8 method=org.gradle.internal.instantiation.generator.AbstractClassGenerator$InjectionAnnotationValidator.validateMethod(Ljava/lang/reflect/Method;Lorg/gradle/internal/reflect/Propert
Event: 12.373 Thread 0x000000001b753000 Uncommon trap: reason=unstable_if action=reinterpret pc=0x0000000003c96a2c method=org.codehaus.groovy.runtime.metaclass.MetaMethodIndex.isNonRealMethod(Lgroovy/lang/MetaMethod;)Z @ 4
Event: 12.373 Thread 0x000000001b753000 Uncommon trap: reason=unstable_if action=reinterpret pc=0x0000000003bf75a4 method=groovy.lang.MetaClassImpl$1MOPIter.methodNameAction(Ljava/lang/Class;Lorg/codehaus/groovy/runtime/metaclass/MetaMethodIndex$Entry;)V @ 182
Event: 12.399 Thread 0x000000001b753000 Uncommon trap: reason=unstable_if action=reinterpret pc=0x0000000003e0a99c method=java.lang.ClassLoader.checkCerts(Ljava/lang/String;Ljava/security/CodeSource;)V @ 29
Event: 12.415 Thread 0x000000001b753000 Uncommon trap: reason=class_check action=maybe_recompile pc=0x00000000038003e8 method=java.util.WeakHashMap.eq(Ljava/lang/Object;Ljava/lang/Object;)Z @ 7
Event: 12.538 Thread 0x000000001b753000 Uncommon trap: reason=null_check action=make_not_entrant pc=0x0000000003850d5c method=java.lang.Class.searchMethods([Ljava/lang/reflect/Method;Ljava/lang/String;[Ljava/lang/Class;)Ljava/lang/reflect/Method; @ 59
Event: 12.611 Thread 0x000000001b753000 Uncommon trap: reason=class_check action=maybe_recompile pc=0x00000000038003e8 method=java.util.WeakHashMap.eq(Ljava/lang/Object;Ljava/lang/Object;)Z @ 7

Classes redefined (0 events):
No events

Internal exceptions (10 events):
Event: 12.652 Thread 0x000000001b753000 Exception <a 'java/lang/ClassNotFoundException': build_aoqlum8w0pu8734qtifmjc7gz$_run_closure1$_closure4BeanInfo> (0x00000000dd92bc58) thrown at [C:\src\AOSP-openjdk-git\hotspot\src\share\vm\classfile\systemDictionary.cpp, line 210]
Event: 12.653 Thread 0x000000001b753000 Exception <a 'java/lang/ClassNotFoundException': build_aoqlum8w0pu8734qtifmjc7gz$_run_closure1$_closure4Customizer> (0x00000000dd93d7b8) thrown at [C:\src\AOSP-openjdk-git\hotspot\src\share\vm\classfile\systemDictionary.cpp, line 210]
Event: 12.655 Thread 0x000000001b753000 Exception <a 'java/lang/ClassNotFoundException': build_aoqlum8w0pu8734qtifmjc7gz$_run_closure1BeanInfo> (0x00000000dd96f010) thrown at [C:\src\AOSP-openjdk-git\hotspot\src\share\vm\classfile\systemDictionary.cpp, line 210]
Event: 12.656 Thread 0x000000001b753000 Exception <a 'java/lang/ClassNotFoundException': build_aoqlum8w0pu8734qtifmjc7gz$_run_closure1Customizer> (0x00000000dd9800c8) thrown at [C:\src\AOSP-openjdk-git\hotspot\src\share\vm\classfile\systemDictionary.cpp, line 210]
Event: 12.664 Thread 0x000000001b753000 Exception <a 'java/lang/ClassNotFoundException': org/gradle/api/JavaVersionBeanInfo> (0x00000000dd9e48c0) thrown at [C:\src\AOSP-openjdk-git\hotspot\src\share\vm\classfile\systemDictionary.cpp, line 210]
Event: 12.665 Thread 0x000000001b753000 Exception <a 'java/lang/ClassNotFoundException': org/gradle/api/JavaVersionCustomizer> (0x00000000dda12360) thrown at [C:\src\AOSP-openjdk-git\hotspot\src\share\vm\classfile\systemDictionary.cpp, line 210]
Event: 12.669 Thread 0x000000001b753000 Exception <a 'java/lang/ClassNotFoundException': com/android/build/gradle/internal/CompileOptions_DecoratedBeanInfo> (0x00000000dda77f90) thrown at [C:\src\AOSP-openjdk-git\hotspot\src\share\vm\classfile\systemDictionary.cpp, line 210]
Event: 12.670 Thread 0x000000001b753000 Exception <a 'java/lang/ClassNotFoundException': com/android/build/gradle/internal/CompileOptionsBeanInfo> (0x00000000dda93890) thrown at [C:\src\AOSP-openjdk-git\hotspot\src\share\vm\classfile\systemDictionary.cpp, line 210]
Event: 12.670 Thread 0x000000001b753000 Exception <a 'java/lang/ClassNotFoundException': com/android/build/gradle/internal/CompileOptionsCustomizer> (0x00000000ddaaf388) thrown at [C:\src\AOSP-openjdk-git\hotspot\src\share\vm\classfile\systemDictionary.cpp, line 210]
Event: 12.672 Thread 0x000000001b753000 Exception <a 'java/lang/ClassNotFoundException': com/android/build/gradle/internal/CompileOptions_DecoratedCustomizer> (0x00000000ddae07d0) thrown at [C:\src\AOSP-openjdk-git\hotspot\src\share\vm\classfile\systemDictionary.cpp, line 210]

Events (10 events):
Event: 13.449 loading class com/android/build/gradle/tasks/JavaPreCompileTask
Event: 13.449 loading class com/android/build/gradle/tasks/JavaPreCompileTask done
Event: 13.449 loading class kotlin/jvm/functions/Function1
Event: 13.449 loading class kotlin/jvm/functions/Function1 done
Event: 13.450 loading class com/android/build/gradle/tasks/JavaCompileKt
Event: 13.450 loading class com/android/build/gradle/tasks/JavaCompileKt done
Event: 13.451 loading class com/android/build/gradle/tasks/JavaCompileCreationAction$handleProvider$1
Event: 13.451 loading class com/android/build/gradle/tasks/JavaCompileCreationAction$handleProvider$1 done
Event: 13.453 loading class com/android/build/gradle/tasks/JavaCompileCreationAction$handleProvider$2
Event: 13.453 loading class com/android/build/gradle/tasks/JavaCompileCreationAction$handleProvider$2 done


Dynamic libraries:
0x00007ff7107a0000 - 0x00007ff7107d1000 	C:\Program Files\Android\Android Studio\jre\bin\java.exe
0x00007ffa2ba50000 - 0x00007ffa2bc46000 	C:\WINDOWS\SYSTEM32\ntdll.dll
0x00007ffa2a980000 - 0x00007ffa2aa3d000 	C:\WINDOWS\System32\KERNEL32.DLL
0x00007ffa29560000 - 0x00007ffa29829000 	C:\WINDOWS\System32\KERNELBASE.dll
0x00007ffa2b360000 - 0x00007ffa2b40c000 	C:\WINDOWS\System32\ADVAPI32.dll
0x00007ffa29d90000 - 0x00007ffa29e2e000 	C:\WINDOWS\System32\msvcrt.dll
0x00007ffa2aeb0000 - 0x00007ffa2af4c000 	C:\WINDOWS\System32\sechost.dll
0x00007ffa2b8e0000 - 0x00007ffa2ba0b000 	C:\WINDOWS\System32\RPCRT4.dll
0x00007ffa29be0000 - 0x00007ffa29d80000 	C:\WINDOWS\System32\USER32.dll
0x00007ffa29530000 - 0x00007ffa29552000 	C:\WINDOWS\System32\win32u.dll
0x00007ffa29b30000 - 0x00007ffa29b5a000 	C:\WINDOWS\System32\GDI32.dll
0x00007ffa29950000 - 0x00007ffa29a5b000 	C:\WINDOWS\System32\gdi32full.dll
0x00007ffa29830000 - 0x00007ffa298cd000 	C:\WINDOWS\System32\msvcp_win.dll
0x00007ffa29190000 - 0x00007ffa29290000 	C:\WINDOWS\System32\ucrtbase.dll
0x00007ffa18b60000 - 0x00007ffa18dfb000 	C:\WINDOWS\WinSxS\amd64_microsoft.windows.common-controls_6595b64144ccf1df_6.0.19041.746_none_ca02b4b61b8320a4\COMCTL32.dll
0x00007ffa2a870000 - 0x00007ffa2a8a0000 	C:\WINDOWS\System32\IMM32.DLL
0x000000006fd20000 - 0x000000006fdf2000 	C:\Program Files\Android\Android Studio\jre\jre\bin\msvcr100.dll
0x000000006fee0000 - 0x000000007072b000 	C:\Program Files\Android\Android Studio\jre\jre\bin\server\jvm.dll
0x00007ffa2a860000 - 0x00007ffa2a868000 	C:\WINDOWS\System32\PSAPI.DLL
0x00007ff9f9d10000 - 0x00007ff9f9d19000 	C:\WINDOWS\SYSTEM32\WSOCK32.dll
0x00007ffa2a8b0000 - 0x00007ffa2a91b000 	C:\WINDOWS\System32\WS2_32.dll
0x00007ffa221f0000 - 0x00007ffa22217000 	C:\WINDOWS\SYSTEM32\WINMM.dll
0x00007ffa1f0e0000 - 0x00007ffa1f0ea000 	C:\WINDOWS\SYSTEM32\VERSION.dll
0x00007ffa23920000 - 0x00007ffa2392f000 	C:\Program Files\Android\Android Studio\jre\jre\bin\verify.dll
0x00007ffa1f6f0000 - 0x00007ffa1f719000 	C:\Program Files\Android\Android Studio\jre\jre\bin\java.dll
0x00007ffa237e0000 - 0x00007ffa237f6000 	C:\Program Files\Android\Android Studio\jre\jre\bin\zip.dll
0x00007ffa2a110000 - 0x00007ffa2a853000 	C:\WINDOWS\System32\SHELL32.dll
0x00007ffa27000000 - 0x00007ffa2778f000 	C:\WINDOWS\SYSTEM32\windows.storage.dll
0x00007ffa2af50000 - 0x00007ffa2b2a6000 	C:\WINDOWS\System32\combase.dll
0x00007ffa28bf0000 - 0x00007ffa28c1c000 	C:\WINDOWS\SYSTEM32\Wldp.dll
0x00007ffa2b2b0000 - 0x00007ffa2b35e000 	C:\WINDOWS\System32\SHCORE.dll
0x00007ffa2a920000 - 0x00007ffa2a975000 	C:\WINDOWS\System32\shlwapi.dll
0x00007ffa290c0000 - 0x00007ffa290e6000 	C:\WINDOWS\SYSTEM32\profapi.dll
0x00007ffa230b0000 - 0x00007ffa230ca000 	C:\Program Files\Android\Android Studio\jre\jre\bin\net.dll
0x00007ffa28970000 - 0x00007ffa289da000 	C:\WINDOWS\system32\mswsock.dll
0x00007ffa1f950000 - 0x00007ffa1f963000 	C:\Program Files\Android\Android Studio\jre\jre\bin\nio.dll
0x00007ffa16f10000 - 0x00007ffa16f37000 	C:\Users\bkzar\.gradle\native\f6784746aeab05261644944871eae4fe03e0ef1612fff0a4a95f87b438bc6780\windows-amd64\native-platform.dll
0x00007ffa23910000 - 0x00007ffa2391d000 	C:\Program Files\Android\Android Studio\jre\jre\bin\management.dll
0x00007ffa28b40000 - 0x00007ffa28b58000 	C:\WINDOWS\SYSTEM32\CRYPTSP.dll
0x00007ffa282a0000 - 0x00007ffa282d4000 	C:\WINDOWS\system32\rsaenh.dll
0x00007ffa29500000 - 0x00007ffa29527000 	C:\WINDOWS\System32\bcrypt.dll
0x00007ffa29080000 - 0x00007ffa290ae000 	C:\WINDOWS\SYSTEM32\USERENV.dll
0x00007ffa298d0000 - 0x00007ffa29950000 	C:\WINDOWS\System32\bcryptprimitives.dll
0x00007ffa28b60000 - 0x00007ffa28b6c000 	C:\WINDOWS\SYSTEM32\CRYPTBASE.dll
0x00007ffa28610000 - 0x00007ffa2864b000 	C:\WINDOWS\SYSTEM32\IPHLPAPI.DLL
0x00007ffa29d80000 - 0x00007ffa29d88000 	C:\WINDOWS\System32\NSI.dll
0x00007ffa23100000 - 0x00007ffa23117000 	C:\WINDOWS\SYSTEM32\dhcpcsvc6.DLL
0x00007ffa233f0000 - 0x00007ffa2340d000 	C:\WINDOWS\SYSTEM32\dhcpcsvc.DLL
0x00007ffa28650000 - 0x00007ffa2871b000 	C:\WINDOWS\SYSTEM32\DNSAPI.dll
0x00007ffa238b0000 - 0x00007ffa238bb000 	C:\WINDOWS\SYSTEM32\WINNSI.DLL

VM Arguments:
jvm_args: -Xmx2048m -Dfile.encoding=UTF-8 -Duser.country=US -Duser.language=en -Duser.variant 
java_command: org.gradle.launcher.daemon.bootstrap.GradleDaemon 6.5
java_class_path (initial): C:\Users\bkzar\.gradle\wrapper\dists\gradle-6.5-all\2oz4ud9k3tuxjg84bbf55q0tn\gradle-6.5\lib\gradle-launcher-6.5.jar
Launcher Type: SUN_STANDARD

Environment Variables:
PATH=C:\Python38\Scripts\;C:\Python38\;C:\Program Files (x86)\Common Files\Oracle\Java\javapath;C:\ProgramData\Oracle\Java\javapath;C:\Users\bkzar\Downloads\platform-tools_r28.0.1-windows\platform-tools\fastboot;C:\Users\bkzar\Downloads\platform-tools_r28.0.1-windows\platform-tools\adb;C:\Users\bkzar\Downloads\platform-tools_r28.0.1-windows\platform-tools;C:\Program Files\Git\cmd;C:\Program Files\dotnet\;C:\Program Files\Microsoft SQL Server\130\Tools\Binn\;C:\Program Files\Microsoft SQL Server\Client SDK\ODBC\170\Tools\Binn\;C:\WINDOWS\system32;C:\WINDOWS;C:\WINDOWS\System32\Wbem;C:\WINDOWS\System32\WindowsPowerShell\v1.0\;C:\WINDOWS\System32\OpenSSH\;C:\Program Files\PuTTY\;C:\Program Files (x86)\Microsoft SQL Server\150\DTS\Binn\;C:\Program Files\Java\jdk1.8.0_151\bin;C:\Program Files\nodejs\;C:\ProgramData\chocolatey\bin;C:\Users\bkzar\AppData\Local\Programs\Python\Python38-32\Scripts\;C:\Users\bkzar\AppData\Local\Programs\Python\Python38-32\;C:\Users\bkzar\AppData\Local\Microsoft\WindowsApps;C:\Program Files\JetBrains\PyCharm Community Edition 2019.3.2\bin;C:\Program Files\Java\jdk1.8.0_151\bin;C:\Users\bkzar\.dotnet\tools;C:\Users\bkzar\AppData\Local\Programs\Microsoft VS Code\bin;C:\Users\bkzar\AppData\Roaming\npm;C:\Program Files\nodejs;;%USERPROFILE%\AppData\Local\Microsoft\WindowsApps
USERNAME=bkzar
OS=Windows_NT
PROCESSOR_IDENTIFIER=Intel64 Family 6 Model 58 Stepping 9, GenuineIntel



---------------  S Y S T E M  ---------------

OS: Windows 10.0 , 64 bit Build 19041 (10.0.19041.662)

CPU:total 4 (initial active 4) (2 cores per cpu, 2 threads per core) family 6 model 58 stepping 9, cmov, cx8, fxsr, mmx, sse, sse2, sse3, ssse3, sse4.1, sse4.2, popcnt, avx, aes, clmul, erms, ht, tsc, tscinvbit, tscinv

Memory: 4k page, physical 8275224k(458588k free), swap 33441048k(5500k free)

vm_info: OpenJDK 64-Bit Server VM (25.242-b01) for windows-amd64 JRE (1.8.0_242-release-1644-b01), built by "builder" with MS VC++ 10.0 (VS2010)

time: Thu Jan 28 21:31:59 2021
timezone: Eastern Standard Time
elapsed time: 13 seconds (0d 0h 0m 13s)

